Using pre-set license
Built from '2020.3/staging' branch; Version is '2020.3.8f1 (507919d4fff5) revision 5273881'; Using compiler version '192528614'; Build Type 'Release'
OS: 'Windows 10 Pro; OS build 19042.1415; Version 2009; 64bit' Language: 'ru' Physical Memory: 8174 MB
BatchMode: 1, IsHumanControllingUs: 0, StartBugReporterOnCrash: 0, Is64bit: 1, IsPro: 0

 COMMAND LINE ARGUMENTS:
P:\Unity3D\2020.3.8f1\Editor\Unity.exe
-adb2
-batchMode
-noUpm
-name
AssetImportWorker0
-projectPath
P:/MyUnityGames/Runner
-logFile
Logs/AssetImportWorker0.log
-srvPort
56269
Successfully changed project path to: P:/MyUnityGames/Runner
P:/MyUnityGames/Runner
Using Asset Import Pipeline V2.
Refreshing native plugins compatible for Editor in 54.75 ms, found 0 plugins.
Preloading 0 native plugins for Editor in 0.00 ms.
Initialize engine version: 2020.3.8f1 (507919d4fff5)
[Subsystems] Discovering subsystems at path P:/Unity3D/2020.3.8f1/Editor/Data/Resources/UnitySubsystems
[Subsystems] Discovering subsystems at path P:/MyUnityGames/Runner/Assets
GfxDevice: creating device client; threaded=0
Direct3D:
    Version:  Direct3D 11.0 [level 11.1]
    Renderer: NVIDIA GeForce GTX 1060 3GB (ID=0x1c02)
    Vendor:   
    VRAM:     2988 MB
    Driver:   27.21.14.5751
Initialize mono
Mono path[0] = 'P:/Unity3D/2020.3.8f1/Editor/Data/Managed'
Mono path[1] = 'P:/Unity3D/2020.3.8f1/Editor/Data/MonoBleedingEdge/lib/mono/unityjit'
Mono config path = 'P:/Unity3D/2020.3.8f1/Editor/Data/MonoBleedingEdge/etc'
Using monoOptions --debugger-agent=transport=dt_socket,embedding=1,server=y,suspend=n,address=127.0.0.1:56192
Begin MonoManager ReloadAssembly
Registering precompiled unity dll's ...
Register platform support module: P:/Unity3D/2020.3.8f1/Editor/Data/PlaybackEngines/WindowsStandaloneSupport/UnityEditor.WindowsStandalone.Extensions.dll
Registered in 0.001838 seconds.
Native extension for WindowsStandalone target not found
Refreshing native plugins compatible for Editor in 101.83 ms, found 0 plugins.
Preloading 0 native plugins for Editor in 0.00 ms.
Mono: successfully reloaded assembly
- Completed reload, in  5.274 seconds
Platform modules already initialized, skipping
Registering precompiled user dll's ...
Registered in 0.000959 seconds.
Begin MonoManager ReloadAssembly
Native extension for WindowsStandalone target not found
Refreshing native plugins compatible for Editor in 0.48 ms, found 0 plugins.
Preloading 0 native plugins for Editor in 0.00 ms.
Mono: successfully reloaded assembly
- Completed reload, in  1.563 seconds
Platform modules already initialized, skipping
========================================================================
Worker process is ready to serve import requests
Launched and connected shader compiler UnityShaderCompiler.exe after 0.16 seconds
Refreshing native plugins compatible for Editor in 0.45 ms, found 0 plugins.
Preloading 0 native plugins for Editor in 0.00 ms.
Unloading 1248 Unused Serialized files (Serialized files now loaded: 0)
System memory in use before: 63.1 MB.
System memory in use after: 63.2 MB.

Unloading 22 unused Assets to reduce memory usage. Loaded Objects now: 1682.
Total: 2.760900 ms (FindLiveObjects: 0.162900 ms CreateObjectMapping: 0.057000 ms MarkObjects: 2.395100 ms  DeleteObjects: 0.143500 ms)

========================================================================
Received Import Request.
  path: Assets/Scripts/MainMenu/PanelActivator.cs
  artifactKey: Guid(44c475ff002dc4f4b8cd08fdf8175c46) Importer(815301076,1909f56bfc062723c751e8b465ee728b)
Start importing Assets/Scripts/MainMenu/PanelActivator.cs using Guid(44c475ff002dc4f4b8cd08fdf8175c46) Importer(815301076,1909f56bfc062723c751e8b465ee728b)  -> (artifact id: '0ce0c9b72aec98a38016fdb37b9e05fc') in 0.058092 seconds
  Import took 0.060724 seconds .

========================================================================
Received Prepare
Registering precompiled user dll's ...
Registered in 0.001164 seconds.
Begin MonoManager ReloadAssembly
Native extension for WindowsStandalone target not found
Refreshing native plugins compatible for Editor in 0.46 ms, found 0 plugins.
Preloading 0 native plugins for Editor in 0.00 ms.
Mono: successfully reloaded assembly
- Completed reload, in  1.184 seconds
Platform modules already initialized, skipping
Switching build target platform(5) subTarget(0) extendedPlatform(0) -> platform(13) subTarget(537395200) extendedPlatform(0)
Refreshing native plugins compatible for Editor in 0.47 ms, found 0 plugins.
Preloading 0 native plugins for Editor in 0.00 ms.
Unloading 1232 Unused Serialized files (Serialized files now loaded: 0)
System memory in use before: 61.2 MB.
System memory in use after: 61.3 MB.

Unloading 17 unused Assets to reduce memory usage. Loaded Objects now: 1685.
Total: 2.141000 ms (FindLiveObjects: 0.148700 ms CreateObjectMapping: 0.053300 ms MarkObjects: 1.881900 ms  DeleteObjects: 0.055100 ms)

AssetImportParameters requested are different than current active one (requested -> active):
  custom:graphics/normal-map-encoding: 01000000000000000000000000000000 -> 02000000000000000000000000000000
========================================================================
Received Import Request.
  Time since last request: 256.823068 seconds.
  path: Assets/SapphiArt/SapphiArtchan/Scripts/SapphiArtChan_AnimManager.cs
  artifactKey: Guid(4ccb49676687917499386abab8234bd6) Importer(815301076,1909f56bfc062723c751e8b465ee728b)
Start importing Assets/SapphiArt/SapphiArtchan/Scripts/SapphiArtChan_AnimManager.cs using Guid(4ccb49676687917499386abab8234bd6) Importer(815301076,1909f56bfc062723c751e8b465ee728b)  -> (artifact id: '43437c925c90486bf2a810cb3033fe96') in 0.010873 seconds
  Import took 0.013680 seconds .

========================================================================
Received Import Request.
  Time since last request: 0.058461 seconds.
  path: Assets/SapphiArt/SapphiArtchan/Scripts/SapphiArtChan_AnimManager.cs
  artifactKey: Guid(4ccb49676687917499386abab8234bd6) Importer(815301076,1909f56bfc062723c751e8b465ee728b)
Start importing Assets/SapphiArt/SapphiArtchan/Scripts/SapphiArtChan_AnimManager.cs using Guid(4ccb49676687917499386abab8234bd6) Importer(815301076,1909f56bfc062723c751e8b465ee728b)  -> (artifact id: '43437c925c90486bf2a810cb3033fe96') in 0.003448 seconds
  Import took 0.007448 seconds .

========================================================================
Received Import Request.
  Time since last request: 31.247322 seconds.
  path: Assets/SapphiArt/SapphiArtchan/TEX/Sapphi_bodysuit_c.TGA
  artifactKey: Guid(4a0a4e9ac7e7f0c4b891dd6f1b92b54f) Importer(815301076,1909f56bfc062723c751e8b465ee728b)
Start importing Assets/SapphiArt/SapphiArtchan/TEX/Sapphi_bodysuit_c.TGA using Guid(4a0a4e9ac7e7f0c4b891dd6f1b92b54f) Importer(815301076,1909f56bfc062723c751e8b465ee728b)  -> (artifact id: 'b92a92aa8fdbffefd8d81b3847c05b69') in 0.391224 seconds
  Import took 0.393851 seconds .

========================================================================
Received Import Request.
  Time since last request: 0.000284 seconds.
  path: Assets/SapphiArt/SapphiArtchan/TEX/Sapphi_underwear_c.TGA
  artifactKey: Guid(408607f25f2782b408ae8f127edd5605) Importer(815301076,1909f56bfc062723c751e8b465ee728b)
Start importing Assets/SapphiArt/SapphiArtchan/TEX/Sapphi_underwear_c.TGA using Guid(408607f25f2782b408ae8f127edd5605) Importer(815301076,1909f56bfc062723c751e8b465ee728b)  -> (artifact id: '383a40aad24b5e51a65a691ec44c0596') in 0.096699 seconds
  Import took 0.099053 seconds .

========================================================================
Received Import Request.
  Time since last request: 0.000315 seconds.
  path: Assets/SapphiArt/SapphiArtchan/TEX/Sapphi_glow_c.TGA
  artifactKey: Guid(d18000e713fda164292c4b6e40171fb4) Importer(815301076,1909f56bfc062723c751e8b465ee728b)
Start importing Assets/SapphiArt/SapphiArtchan/TEX/Sapphi_glow_c.TGA using Guid(d18000e713fda164292c4b6e40171fb4) Importer(815301076,1909f56bfc062723c751e8b465ee728b)  -> (artifact id: 'dab1959b65646abaa9be7fea3690cc08') in 0.056223 seconds
  Import took 0.058571 seconds .

========================================================================
Received Import Request.
  Time since last request: 0.000289 seconds.
  path: Assets/SapphiArt/SapphiArtchan/TEX/Sapphi_eye_c.tga
  artifactKey: Guid(7b51482a981fd7840be44ce21d1eebc9) Importer(815301076,1909f56bfc062723c751e8b465ee728b)
Start importing Assets/SapphiArt/SapphiArtchan/TEX/Sapphi_eye_c.tga using Guid(7b51482a981fd7840be44ce21d1eebc9) Importer(815301076,1909f56bfc062723c751e8b465ee728b)  -> (artifact id: '8416f81846c1f03e0d340ee67f303cb7') in 0.039551 seconds
  Import took 0.041850 seconds .

========================================================================
Received Import Request.
  Time since last request: 0.000295 seconds.
  path: Assets/SapphiArt/SapphiArtchan/TEX/Sapphi_chequer_c.tga
  artifactKey: Guid(e48ea059ee2c86448bf457d6dab448c8) Importer(815301076,1909f56bfc062723c751e8b465ee728b)
Start importing Assets/SapphiArt/SapphiArtchan/TEX/Sapphi_chequer_c.tga using Guid(e48ea059ee2c86448bf457d6dab448c8) Importer(815301076,1909f56bfc062723c751e8b465ee728b)  -> (artifact id: '482a6935d44ad76ae556f913ba4487bd') in 0.042638 seconds
  Import took 0.067421 seconds .

========================================================================
Received Import Request.
  Time since last request: 0.000289 seconds.
  path: Assets/SapphiArt/SapphiArtchan/TEX/Sapphi_clothes_c.tga
  artifactKey: Guid(12c601cd792107e47bd7cd7f53898e02) Importer(815301076,1909f56bfc062723c751e8b465ee728b)
Start importing Assets/SapphiArt/SapphiArtchan/TEX/Sapphi_clothes_c.tga using Guid(12c601cd792107e47bd7cd7f53898e02) Importer(815301076,1909f56bfc062723c751e8b465ee728b)  -> (artifact id: '5604fa2fb7d2294f83d35dcbfee6a6b1') in 0.061030 seconds
  Import took 0.070767 seconds .

========================================================================
Received Import Request.
  Time since last request: 0.000247 seconds.
  path: Assets/SapphiArt/SapphiArtchan/TEX/Sapphi_hairhead_psd.tga
  artifactKey: Guid(8aa218917a4a32a40accf36b4c5cb454) Importer(815301076,1909f56bfc062723c751e8b465ee728b)
Start importing Assets/SapphiArt/SapphiArtchan/TEX/Sapphi_hairhead_psd.tga using Guid(8aa218917a4a32a40accf36b4c5cb454) Importer(815301076,1909f56bfc062723c751e8b465ee728b)  -> (artifact id: '61fd7f15122dcb0e9e16f90e16a0d3c1') in 0.070262 seconds
  Import took 0.077052 seconds .

========================================================================
Received Import Request.
  Time since last request: 0.000311 seconds.
  path: Assets/SapphiArt/SapphiArtchan/TEX/Sapphi_hairhead_c.tga
  artifactKey: Guid(043d92f3ee4e04b46a98766b1c6e3a1a) Importer(815301076,1909f56bfc062723c751e8b465ee728b)
Start importing Assets/SapphiArt/SapphiArtchan/TEX/Sapphi_hairhead_c.tga using Guid(043d92f3ee4e04b46a98766b1c6e3a1a) Importer(815301076,1909f56bfc062723c751e8b465ee728b)  -> (artifact id: '94089a056d332dbe467034cbc4a5b54c') in 0.068597 seconds
  Import took 0.071146 seconds .

========================================================================
Received Import Request.
  Time since last request: 26.484846 seconds.
  path: Assets/SapphiArt/SapphiArtchan/MAT
  artifactKey: Guid(c8839c5feed7023438e87f250e353447) Importer(815301076,1909f56bfc062723c751e8b465ee728b)
Start importing Assets/SapphiArt/SapphiArtchan/MAT using Guid(c8839c5feed7023438e87f250e353447) Importer(815301076,1909f56bfc062723c751e8b465ee728b)  -> (artifact id: '51664986c7dd8920d2e861f674ee477c') in 0.009276 seconds
  Import took 0.019991 seconds .

========================================================================
Received Import Request.
  Time since last request: 0.236068 seconds.
  path: Assets/SapphiArt/SapphiArtchan/MAT/Sapphi_chequer_c_MAT.mat
  artifactKey: Guid(5191d43044979d349b4d2ffcbd6decf3) Importer(815301076,1909f56bfc062723c751e8b465ee728b)
Start importing Assets/SapphiArt/SapphiArtchan/MAT/Sapphi_chequer_c_MAT.mat using Guid(5191d43044979d349b4d2ffcbd6decf3) Importer(815301076,1909f56bfc062723c751e8b465ee728b)  -> (artifact id: 'dabdcb36193ca50f2f3c89cad28997cb') in 0.389983 seconds
  Import took 0.392649 seconds .

========================================================================
Received Import Request.
  Time since last request: 0.000315 seconds.
  path: Assets/SapphiArt/SapphiArtchan/MAT/Sapphi_hairhead_psd_MAT.mat
  artifactKey: Guid(3fe7819238ace5c4bbf8bbd22d86f051) Importer(815301076,1909f56bfc062723c751e8b465ee728b)
Start importing Assets/SapphiArt/SapphiArtchan/MAT/Sapphi_hairhead_psd_MAT.mat using Guid(3fe7819238ace5c4bbf8bbd22d86f051) Importer(815301076,1909f56bfc062723c751e8b465ee728b)  -> (artifact id: '2dbd14be8b847892ed7b291c2158627e') in 0.034757 seconds
  Import took 0.043683 seconds .

========================================================================
Received Import Request.
  Time since last request: 0.000342 seconds.
  path: Assets/SapphiArt/SapphiArtchan/MAT/Sapphi_clothes_c_MAT.mat
  artifactKey: Guid(f21e6afd047371a45a019e9cd8b13714) Importer(815301076,1909f56bfc062723c751e8b465ee728b)
Start importing Assets/SapphiArt/SapphiArtchan/MAT/Sapphi_clothes_c_MAT.mat using Guid(f21e6afd047371a45a019e9cd8b13714) Importer(815301076,1909f56bfc062723c751e8b465ee728b)  -> (artifact id: '63a0bcea618d1d873a1d65569f379ca8') in 0.033504 seconds
  Import took 0.036267 seconds .

========================================================================
Received Import Request.
  Time since last request: 0.000438 seconds.
  path: Assets/SapphiArt/SapphiArtchan/MAT/Sapphi_hairhead_c_MAT.mat
  artifactKey: Guid(5e52aa1b6dc92774ab95f90520e1956b) Importer(815301076,1909f56bfc062723c751e8b465ee728b)
Start importing Assets/SapphiArt/SapphiArtchan/MAT/Sapphi_hairhead_c_MAT.mat using Guid(5e52aa1b6dc92774ab95f90520e1956b) Importer(815301076,1909f56bfc062723c751e8b465ee728b)  -> (artifact id: 'bbf9dff2c146e753def7d32e88e8b750') in 0.047750 seconds
  Import took 0.064673 seconds .

========================================================================
Received Import Request.
  Time since last request: 0.000305 seconds.
  path: Assets/SapphiArt/SapphiArtchan/MAT/Sapphi_eye_c_MAT.mat
  artifactKey: Guid(a520d9096ef9ea7408c58d9241d404df) Importer(815301076,1909f56bfc062723c751e8b465ee728b)
Start importing Assets/SapphiArt/SapphiArtchan/MAT/Sapphi_eye_c_MAT.mat using Guid(a520d9096ef9ea7408c58d9241d404df) Importer(815301076,1909f56bfc062723c751e8b465ee728b)  -> (artifact id: '885ca0a37de188cfc7d2d6b951c29ba2') in 0.034732 seconds
  Import took 0.047785 seconds .

========================================================================
Received Import Request.
  Time since last request: 0.000290 seconds.
  path: Assets/SapphiArt/SapphiArtchan/MAT/Sapphi_glow_c_MAT.mat
  artifactKey: Guid(ad7d0f5409a361a4c8b074798006bbeb) Importer(815301076,1909f56bfc062723c751e8b465ee728b)
Start importing Assets/SapphiArt/SapphiArtchan/MAT/Sapphi_glow_c_MAT.mat using Guid(ad7d0f5409a361a4c8b074798006bbeb) Importer(815301076,1909f56bfc062723c751e8b465ee728b)  -> (artifact id: 'd966ce913890c21dafc6c36ebc90723d') in 0.030370 seconds
  Import took 0.039105 seconds .

========================================================================
Received Import Request.
  Time since last request: 0.000310 seconds.
  path: Assets/SapphiArt/SapphiArtchan/MAT/Sapphi_underwear_c_MAT.mat
  artifactKey: Guid(0004a7e3ead56a74889f361a4a1d3204) Importer(815301076,1909f56bfc062723c751e8b465ee728b)
Start importing Assets/SapphiArt/SapphiArtchan/MAT/Sapphi_underwear_c_MAT.mat using Guid(0004a7e3ead56a74889f361a4a1d3204) Importer(815301076,1909f56bfc062723c751e8b465ee728b)  -> (artifact id: '69f6354106e6e17a92581b31a99a0e4f') in 0.022559 seconds
  Import took 0.034043 seconds .

========================================================================
Received Import Request.
  Time since last request: 28.399250 seconds.
  path: Assets/SapphiArt/SapphiArtchan/Scripts
  artifactKey: Guid(416536411604ae0469a9992ff704d6fd) Importer(815301076,1909f56bfc062723c751e8b465ee728b)
Start importing Assets/SapphiArt/SapphiArtchan/Scripts using Guid(416536411604ae0469a9992ff704d6fd) Importer(815301076,1909f56bfc062723c751e8b465ee728b)  -> (artifact id: 'bc6b95a2a0bcc45b09dcd822a16ae69d') in 0.010131 seconds
  Import took 0.012861 seconds .

========================================================================
Received Import Request.
  Time since last request: 14.408754 seconds.
  path: Assets/Prefabs/Skins/Girl.prefab
  artifactKey: Guid(9dfeaa464ceef044da9488f83a84420c) Importer(815301076,1909f56bfc062723c751e8b465ee728b)
Start importing Assets/Prefabs/Skins/Girl.prefab using Guid(9dfeaa464ceef044da9488f83a84420c) Importer(815301076,1909f56bfc062723c751e8b465ee728b)  -> (artifact id: '76ec9b22a7c41f49db1a0072e7b97031') in 0.575284 seconds
  Import took 0.598562 seconds .

========================================================================
Received Import Request.
  Time since last request: 7.388391 seconds.
  path: Assets/Prefabs/Skins/Girl.prefab
  artifactKey: Guid(9dfeaa464ceef044da9488f83a84420c) Importer(815301076,1909f56bfc062723c751e8b465ee728b)
Start importing Assets/Prefabs/Skins/Girl.prefab using Guid(9dfeaa464ceef044da9488f83a84420c) Importer(815301076,1909f56bfc062723c751e8b465ee728b)  -> (artifact id: 'a8348b52b20f52fd75f2f9fb4da5aada') in 0.234621 seconds
  Import took 0.239551 seconds .

========================================================================
Received Import Request.
  Time since last request: 36.258068 seconds.
  path: Assets/SapphiArt/SapphiArtchan/FBX/Materials/Sapphi_chequer_c.mat
  artifactKey: Guid(07acbfb961f2df744bd8a708c93c896e) Importer(815301076,1909f56bfc062723c751e8b465ee728b)
Start importing Assets/SapphiArt/SapphiArtchan/FBX/Materials/Sapphi_chequer_c.mat using Guid(07acbfb961f2df744bd8a708c93c896e) Importer(815301076,1909f56bfc062723c751e8b465ee728b)  -> (artifact id: '555dc6cdd1eaa2ff45c54ba79d129502') in 0.035273 seconds
  Import took 0.038360 seconds .

========================================================================
Received Import Request.
  Time since last request: 0.000314 seconds.
  path: Assets/SapphiArt/SapphiArtchan/FBX/Materials/Sapphi_eye_c.mat
  artifactKey: Guid(85a8c695bb295e94db3886bf934a5d87) Importer(815301076,1909f56bfc062723c751e8b465ee728b)
Start importing Assets/SapphiArt/SapphiArtchan/FBX/Materials/Sapphi_eye_c.mat using Guid(85a8c695bb295e94db3886bf934a5d87) Importer(815301076,1909f56bfc062723c751e8b465ee728b)  -> (artifact id: '6a2b4ae27ae0a313658a0807e721905c') in 0.023693 seconds
  Import took 0.025890 seconds .

========================================================================
Received Import Request.
  Time since last request: 0.000315 seconds.
  path: Assets/SapphiArt/SapphiArtchan/FBX/Materials/Sapphi_clothes_c.mat
  artifactKey: Guid(e3d7a93425fdc9349b1b034e5fcc0885) Importer(815301076,1909f56bfc062723c751e8b465ee728b)
Start importing Assets/SapphiArt/SapphiArtchan/FBX/Materials/Sapphi_clothes_c.mat using Guid(e3d7a93425fdc9349b1b034e5fcc0885) Importer(815301076,1909f56bfc062723c751e8b465ee728b)  -> (artifact id: '5bf565558c66f8ea9099cbbf55a0ec41') in 0.020283 seconds
  Import took 0.031806 seconds .

========================================================================
Received Import Request.
  Time since last request: 0.000263 seconds.
  path: Assets/SapphiArt/SapphiArtchan/FBX/Materials/Sapphi_hairhead_c.mat
  artifactKey: Guid(c896820dae855bb4bb0c683de7cd5f15) Importer(815301076,1909f56bfc062723c751e8b465ee728b)
Start importing Assets/SapphiArt/SapphiArtchan/FBX/Materials/Sapphi_hairhead_c.mat using Guid(c896820dae855bb4bb0c683de7cd5f15) Importer(815301076,1909f56bfc062723c751e8b465ee728b)  -> (artifact id: '8898c3077241152fd61d5de2ed53b7f1') in 0.028108 seconds
  Import took 0.030335 seconds .

========================================================================
Received Import Request.
  Time since last request: 0.000295 seconds.
  path: Assets/SapphiArt/SapphiArtchan/FBX/Materials/Sapphi_underwear_c.mat
  artifactKey: Guid(e1ea6be83bc15a142b8414ff107402c7) Importer(815301076,1909f56bfc062723c751e8b465ee728b)
Start importing Assets/SapphiArt/SapphiArtchan/FBX/Materials/Sapphi_underwear_c.mat using Guid(e1ea6be83bc15a142b8414ff107402c7) Importer(815301076,1909f56bfc062723c751e8b465ee728b)  -> (artifact id: '46f0b37bf9cd26cb862ad3a71c9fe95f') in 0.030655 seconds
  Import took 0.045360 seconds .

========================================================================
Received Import Request.
  Time since last request: 17.104245 seconds.
  path: Assets/Scenes/LevelOne.unity
  artifactKey: Guid(9fc0d4010bbf28b4594072e72b8655ab) Importer(815301076,1909f56bfc062723c751e8b465ee728b)
Start importing Assets/Scenes/LevelOne.unity using Guid(9fc0d4010bbf28b4594072e72b8655ab) Importer(815301076,1909f56bfc062723c751e8b465ee728b)  -> (artifact id: 'b80890c0fe5dc73feceb1fb98dbf8f17') in 0.010945 seconds
  Import took 0.024311 seconds .

========================================================================
Received Import Request.
  Time since last request: 71.454781 seconds.
  path: Assets/SapphiArt/SapphiArtchan/FBX/Sapphiart@damage.fbx
  artifactKey: Guid(1e57d4352f754564e8c47e701dd0790a) Importer(815301076,1909f56bfc062723c751e8b465ee728b)
Start importing Assets/SapphiArt/SapphiArtchan/FBX/Sapphiart@damage.fbx using Guid(1e57d4352f754564e8c47e701dd0790a) Importer(815301076,1909f56bfc062723c751e8b465ee728b)  -> (artifact id: '9b0959993f9317f8658e835abc269f59') in 0.312330 seconds
  Import took 0.340953 seconds .

========================================================================
Received Import Request.
  Time since last request: 0.000314 seconds.
  path: Assets/SapphiArt/SapphiArtchan/FBX/Sapphiart@jump.fbx
  artifactKey: Guid(10d064b6eb922f646a9bf133d85e79b6) Importer(815301076,1909f56bfc062723c751e8b465ee728b)
Start importing Assets/SapphiArt/SapphiArtchan/FBX/Sapphiart@jump.fbx using Guid(10d064b6eb922f646a9bf133d85e79b6) Importer(815301076,1909f56bfc062723c751e8b465ee728b)  -> (artifact id: '4c37db0dab107817efa70f3f3986f059') in 0.242848 seconds
  Import took 0.257778 seconds .

========================================================================
Received Import Request.
  Time since last request: 0.000410 seconds.
  path: Assets/SapphiArt/SapphiArtchan/FBX/Sapphiart_model.fbx
  artifactKey: Guid(4f6b12e90531eaa4cb360f1dd60c3ab2) Importer(815301076,1909f56bfc062723c751e8b465ee728b)
Start importing Assets/SapphiArt/SapphiArtchan/FBX/Sapphiart_model.fbx using Guid(4f6b12e90531eaa4cb360f1dd60c3ab2) Importer(815301076,1909f56bfc062723c751e8b465ee728b)  -> (artifact id: '03aa35b3eea9fa30f6b1c6a4ad1fdeab') in 0.203824 seconds
  Import took 0.208405 seconds .

========================================================================
Received Import Request.
  Time since last request: 0.000404 seconds.
  path: Assets/SapphiArt/SapphiArtchan/FBX/Sapphiart@ko.fbx
  artifactKey: Guid(550c659713c96a74b9a24726f4801263) Importer(815301076,1909f56bfc062723c751e8b465ee728b)
Start importing Assets/SapphiArt/SapphiArtchan/FBX/Sapphiart@ko.fbx using Guid(550c659713c96a74b9a24726f4801263) Importer(815301076,1909f56bfc062723c751e8b465ee728b)  -> (artifact id: 'db041156d7368d1e680346dc131e1936') in 0.225752 seconds
  Import took 0.235252 seconds .

========================================================================
Received Import Request.
  Time since last request: 0.000284 seconds.
  path: Assets/SapphiArt/SapphiArtchan/FBX/Sapphiart@hit03.fbx
  artifactKey: Guid(feba994e84928294eb4857edf345ff9d) Importer(815301076,1909f56bfc062723c751e8b465ee728b)
Start importing Assets/SapphiArt/SapphiArtchan/FBX/Sapphiart@hit03.fbx using Guid(feba994e84928294eb4857edf345ff9d) Importer(815301076,1909f56bfc062723c751e8b465ee728b)  -> (artifact id: 'fb5824cac23e692fd67455239e107ae4') in 0.213368 seconds
  Import took 0.230656 seconds .

========================================================================
Received Import Request.
  Time since last request: 0.000267 seconds.
  path: Assets/SapphiArt/SapphiArtchan/FBX/Sapphiart@hit01.fbx
  artifactKey: Guid(f1d164aa206f1954aabb7807c88945f2) Importer(815301076,1909f56bfc062723c751e8b465ee728b)
Start importing Assets/SapphiArt/SapphiArtchan/FBX/Sapphiart@hit01.fbx using Guid(f1d164aa206f1954aabb7807c88945f2) Importer(815301076,1909f56bfc062723c751e8b465ee728b)  -> (artifact id: '776c218549c629b27daf72ff57fe17ad') in 0.219078 seconds
  Import took 0.222985 seconds .

========================================================================
Received Import Request.
  Time since last request: 0.000274 seconds.
  path: Assets/SapphiArt/SapphiArtchan/FBX/Sapphiart@idle.fbx
  artifactKey: Guid(db3a67833b7ae054e93291cc21d57f50) Importer(815301076,1909f56bfc062723c751e8b465ee728b)
Start importing Assets/SapphiArt/SapphiArtchan/FBX/Sapphiart@idle.fbx using Guid(db3a67833b7ae054e93291cc21d57f50) Importer(815301076,1909f56bfc062723c751e8b465ee728b)  -> (artifact id: 'b4c420c535c0f4b85d8de47e8bdc77f4') in 0.205097 seconds
  Import took 0.216137 seconds .

========================================================================
Received Import Request.
  Time since last request: 0.000283 seconds.
  path: Assets/SapphiArt/SapphiArtchan/FBX/Sapphiart@winpose.fbx
  artifactKey: Guid(18bd24889d38d264ea18c8d5e94d11ab) Importer(815301076,1909f56bfc062723c751e8b465ee728b)
Start importing Assets/SapphiArt/SapphiArtchan/FBX/Sapphiart@winpose.fbx using Guid(18bd24889d38d264ea18c8d5e94d11ab) Importer(815301076,1909f56bfc062723c751e8b465ee728b)  -> (artifact id: '5c5142f176e5940e0b37fa40255f64b1') in 0.214718 seconds
  Import took 0.218633 seconds .

========================================================================
Received Import Request.
  Time since last request: 0.000278 seconds.
  path: Assets/SapphiArt/SapphiArtchan/FBX/Sapphiart@walk.fbx
  artifactKey: Guid(f95b33c9b8dbfee428d288b4876c9002) Importer(815301076,1909f56bfc062723c751e8b465ee728b)
Start importing Assets/SapphiArt/SapphiArtchan/FBX/Sapphiart@walk.fbx using Guid(f95b33c9b8dbfee428d288b4876c9002) Importer(815301076,1909f56bfc062723c751e8b465ee728b)  -> (artifact id: 'b06990d71b6b982710de74a7040abbef') in 0.208508 seconds
  Import took 0.220362 seconds .

========================================================================
Received Import Request.
  Time since last request: 0.000272 seconds.
  path: Assets/SapphiArt/SapphiArtchan/FBX/Sapphiart@running.fbx
  artifactKey: Guid(42a4e1f7eb4e2984c9f9e866f54125dc) Importer(815301076,1909f56bfc062723c751e8b465ee728b)
Start importing Assets/SapphiArt/SapphiArtchan/FBX/Sapphiart@running.fbx using Guid(42a4e1f7eb4e2984c9f9e866f54125dc) Importer(815301076,1909f56bfc062723c751e8b465ee728b)  -> (artifact id: '24ad16ed244cd01c75883e5e402d62df') in 0.227761 seconds
  Import took 0.232687 seconds .

========================================================================
Received Import Request.
  Time since last request: 0.000330 seconds.
  path: Assets/SapphiArt/SapphiArtchan/FBX/Sapphiart@hit02.fbx
  artifactKey: Guid(8b3981a6f82b8844e857438e2a671539) Importer(815301076,1909f56bfc062723c751e8b465ee728b)
Start importing Assets/SapphiArt/SapphiArtchan/FBX/Sapphiart@hit02.fbx using Guid(8b3981a6f82b8844e857438e2a671539) Importer(815301076,1909f56bfc062723c751e8b465ee728b)  -> (artifact id: '6c241638fb6e31b852fdc55184223733') in 0.207390 seconds
  Import took 0.218051 seconds .

========================================================================
Received Import Request.
  Time since last request: 33.341249 seconds.
  path: Assets/SapphiArt/SapphiArtchan/Scripts/AnimationManagerUI.cs
  artifactKey: Guid(9aa09b6b8a848f34bb92224eb514429b) Importer(815301076,1909f56bfc062723c751e8b465ee728b)
Start importing Assets/SapphiArt/SapphiArtchan/Scripts/AnimationManagerUI.cs using Guid(9aa09b6b8a848f34bb92224eb514429b) Importer(815301076,1909f56bfc062723c751e8b465ee728b)  -> (artifact id: 'ec696ceddd691e5756f00c0c04a7383f') in 0.013746 seconds
  Import took 0.018888 seconds .

========================================================================
Received Import Request.
  Time since last request: 0.003854 seconds.
  path: Assets/SapphiArt/SapphiArtchan/Scripts/AnimationManagerUI.cs
  artifactKey: Guid(9aa09b6b8a848f34bb92224eb514429b) Importer(815301076,1909f56bfc062723c751e8b465ee728b)
Start importing Assets/SapphiArt/SapphiArtchan/Scripts/AnimationManagerUI.cs using Guid(9aa09b6b8a848f34bb92224eb514429b) Importer(815301076,1909f56bfc062723c751e8b465ee728b)  -> (artifact id: 'ec696ceddd691e5756f00c0c04a7383f') in 0.004310 seconds
  Import took 0.008089 seconds .

========================================================================
Received Prepare
Registering precompiled user dll's ...
Registered in 0.000816 seconds.
Begin MonoManager ReloadAssembly
Native extension for WindowsStandalone target not found
Refreshing native plugins compatible for Editor in 0.50 ms, found 0 plugins.
Preloading 0 native plugins for Editor in 0.00 ms.
Mono: successfully reloaded assembly
- Completed reload, in  1.462 seconds
Platform modules already initialized, skipping
Switching build target platform(5) subTarget(0) extendedPlatform(0) -> platform(13) subTarget(537395200) extendedPlatform(0)
Refreshing native plugins compatible for Editor in 0.47 ms, found 0 plugins.
Preloading 0 native plugins for Editor in 0.00 ms.
Unloading 1230 Unused Serialized files (Serialized files now loaded: 0)
System memory in use before: 79.6 MB.
System memory in use after: 79.7 MB.

Unloading 19 unused Assets to reduce memory usage. Loaded Objects now: 1732.
Total: 2.580600 ms (FindLiveObjects: 0.166300 ms CreateObjectMapping: 0.056000 ms MarkObjects: 2.330800 ms  DeleteObjects: 0.025800 ms)

AssetImportParameters requested are different than current active one (requested -> active):
  custom:graphics/normal-map-encoding: 01000000000000000000000000000000 -> 02000000000000000000000000000000
========================================================================
Received Import Request.
  Time since last request: 20.159494 seconds.
  path: Assets/SapphiArt/SapphiArtchan/FBX
  artifactKey: Guid(218b68a14b836da4eb045b3b0c077dba) Importer(815301076,1909f56bfc062723c751e8b465ee728b)
Start importing Assets/SapphiArt/SapphiArtchan/FBX using Guid(218b68a14b836da4eb045b3b0c077dba) Importer(815301076,1909f56bfc062723c751e8b465ee728b)  -> (artifact id: '3a9a596b933d12f94734fe96eecf020d') in 0.012803 seconds
  Import took 0.033668 seconds .

========================================================================
Received Import Request.
  Time since last request: 120.599182 seconds.
  path: Assets/Prefabs/Skins/Girl.prefab
  artifactKey: Guid(9dfeaa464ceef044da9488f83a84420c) Importer(815301076,1909f56bfc062723c751e8b465ee728b)
Start importing Assets/Prefabs/Skins/Girl.prefab using Guid(9dfeaa464ceef044da9488f83a84420c) Importer(815301076,1909f56bfc062723c751e8b465ee728b)  -> (artifact id: '952534d0457723c142ab009b440e7306') in 1.336086 seconds
  Import took 1.360947 seconds .

========================================================================
Received Import Request.
  Time since last request: 17.956562 seconds.
  path: Assets/Prefabs/Skins/Girl.prefab
  artifactKey: Guid(9dfeaa464ceef044da9488f83a84420c) Importer(815301076,1909f56bfc062723c751e8b465ee728b)
Start importing Assets/Prefabs/Skins/Girl.prefab using Guid(9dfeaa464ceef044da9488f83a84420c) Importer(815301076,1909f56bfc062723c751e8b465ee728b)  -> (artifact id: '398ecedf5e4f5513be065ec668124695') in 1.243668 seconds
  Import took 1.258938 seconds .

========================================================================
Received Import Request.
  Time since last request: 57.615256 seconds.
  path: Assets/SapphiArt/SapphiArtchan/TEX/Materials
  artifactKey: Guid(4d5a74d744021364c9b11e98578232d7) Importer(815301076,1909f56bfc062723c751e8b465ee728b)
Start importing Assets/SapphiArt/SapphiArtchan/TEX/Materials using Guid(4d5a74d744021364c9b11e98578232d7) Importer(815301076,1909f56bfc062723c751e8b465ee728b)  -> (artifact id: 'e5b1373d84a1029ab26669c30e1eda84') in 0.008275 seconds
  Import took 0.012375 seconds .

========================================================================
Received Import Request.
  Time since last request: 0.038709 seconds.
  path: Assets/SapphiArt/SapphiArtchan/TEX/Materials/Sapphi_bodysuit_c.mat
  artifactKey: Guid(8d95e502aa390ab44bc9855aa6bd1b40) Importer(815301076,1909f56bfc062723c751e8b465ee728b)
Start importing Assets/SapphiArt/SapphiArtchan/TEX/Materials/Sapphi_bodysuit_c.mat using Guid(8d95e502aa390ab44bc9855aa6bd1b40) Importer(815301076,1909f56bfc062723c751e8b465ee728b)  -> (artifact id: '625a5fa9b82e359ca87216f96492ca56') in 0.101096 seconds
  Import took 0.117017 seconds .

========================================================================
Received Import Request.
  Time since last request: 0.000308 seconds.
  path: Assets/SapphiArt/SapphiArtchan/TEX/Materials/Sapphi_hairhead_c.mat
  artifactKey: Guid(1462d9efb54de9f428290e55e9e076eb) Importer(815301076,1909f56bfc062723c751e8b465ee728b)
Start importing Assets/SapphiArt/SapphiArtchan/TEX/Materials/Sapphi_hairhead_c.mat using Guid(1462d9efb54de9f428290e55e9e076eb) Importer(815301076,1909f56bfc062723c751e8b465ee728b)  -> (artifact id: '17133b5b9987ac108f3d1ea6f1b9f7be') in 0.037456 seconds
  Import took 0.040455 seconds .

========================================================================
Received Import Request.
  Time since last request: 0.000292 seconds.
  path: Assets/SapphiArt/SapphiArtchan/TEX/Materials/Sapphi_hairhead_psd.mat
  artifactKey: Guid(eacd8f7e34bf7a247b4104ba384a909e) Importer(815301076,1909f56bfc062723c751e8b465ee728b)
Start importing Assets/SapphiArt/SapphiArtchan/TEX/Materials/Sapphi_hairhead_psd.mat using Guid(eacd8f7e34bf7a247b4104ba384a909e) Importer(815301076,1909f56bfc062723c751e8b465ee728b)  -> (artifact id: 'ccd80a57b1557996152bff4072bddf7f') in 0.043271 seconds
  Import took 0.048278 seconds .

========================================================================
Received Import Request.
  Time since last request: 0.000389 seconds.
  path: Assets/SapphiArt/SapphiArtchan/TEX/Materials/Sapphi_underwear_c.mat
  artifactKey: Guid(4a72e89d1d49cd44bb497c84a102f821) Importer(815301076,1909f56bfc062723c751e8b465ee728b)
Start importing Assets/SapphiArt/SapphiArtchan/TEX/Materials/Sapphi_underwear_c.mat using Guid(4a72e89d1d49cd44bb497c84a102f821) Importer(815301076,1909f56bfc062723c751e8b465ee728b)  -> (artifact id: 'b5e3aa1ee06e2d0ede23123ea564f05f') in 0.041512 seconds
  Import took 0.051102 seconds .

========================================================================
Received Import Request.
  Time since last request: 296.791747 seconds.
  path: Assets/Prefabs/Skins/Girl.prefab
  artifactKey: Guid(9dfeaa464ceef044da9488f83a84420c) Importer(815301076,1909f56bfc062723c751e8b465ee728b)
Start importing Assets/Prefabs/Skins/Girl.prefab using Guid(9dfeaa464ceef044da9488f83a84420c) Importer(815301076,1909f56bfc062723c751e8b465ee728b)  -> (artifact id: 'a186be47c923c6778c6690b9992aced5') in 1.402431 seconds
  Import took 1.412416 seconds .

========================================================================
Received Import Request.
  Time since last request: 12.342785 seconds.
  path: Assets/Scenes/MainMenu.unity
  artifactKey: Guid(cb6c754d312d9a94697f86a7aee96223) Importer(815301076,1909f56bfc062723c751e8b465ee728b)
Start importing Assets/Scenes/MainMenu.unity using Guid(cb6c754d312d9a94697f86a7aee96223) Importer(815301076,1909f56bfc062723c751e8b465ee728b)  -> (artifact id: 'e3a1dc2b936bc1721b6d96cfedbefdf1') in 0.010844 seconds
  Import took 0.014082 seconds .

========================================================================
Received Import Request.
  Time since last request: 149.865747 seconds.
  path: Assets/SapphiArt/SapphiArtchan/OBJ/Materials/Sapphi_chequer_c.mat
  artifactKey: Guid(c43536c82d67bbb428112b433a4e1fcc) Importer(815301076,1909f56bfc062723c751e8b465ee728b)
Start importing Assets/SapphiArt/SapphiArtchan/OBJ/Materials/Sapphi_chequer_c.mat using Guid(c43536c82d67bbb428112b433a4e1fcc) Importer(815301076,1909f56bfc062723c751e8b465ee728b)  -> (artifact id: '57297374cd067b3b9038a048733dad9a') in 0.020903 seconds
  Import took 0.043348 seconds .

========================================================================
Received Import Request.
  Time since last request: 0.000324 seconds.
  path: Assets/SapphiArt/SapphiArtchan/OBJ/Materials/Sapphi_eye_c.mat
  artifactKey: Guid(9392a0832108e6141a24de3fea66198e) Importer(815301076,1909f56bfc062723c751e8b465ee728b)
Start importing Assets/SapphiArt/SapphiArtchan/OBJ/Materials/Sapphi_eye_c.mat using Guid(9392a0832108e6141a24de3fea66198e) Importer(815301076,1909f56bfc062723c751e8b465ee728b)  -> (artifact id: '1785f060bf9f6ca636e3a970aac52bb6') in 0.022398 seconds
  Import took 0.024774 seconds .

========================================================================
Received Import Request.
  Time since last request: 0.000335 seconds.
  path: Assets/SapphiArt/SapphiArtchan/OBJ/Materials/Sapphi_underwear_c.mat
  artifactKey: Guid(0091c845947341d4d8641c3e79d338bb) Importer(815301076,1909f56bfc062723c751e8b465ee728b)
Start importing Assets/SapphiArt/SapphiArtchan/OBJ/Materials/Sapphi_underwear_c.mat using Guid(0091c845947341d4d8641c3e79d338bb) Importer(815301076,1909f56bfc062723c751e8b465ee728b)  -> (artifact id: 'fb63ad72d011216f505a81b7e5cb627b') in 0.046996 seconds
  Import took 0.049433 seconds .

========================================================================
Received Import Request.
  Time since last request: 0.000284 seconds.
  path: Assets/SapphiArt/SapphiArtchan/OBJ/Materials/Sapphi_hairhead_c.mat
  artifactKey: Guid(0491de0c2de71064ca72143a2f16b3dc) Importer(815301076,1909f56bfc062723c751e8b465ee728b)
Start importing Assets/SapphiArt/SapphiArtchan/OBJ/Materials/Sapphi_hairhead_c.mat using Guid(0491de0c2de71064ca72143a2f16b3dc) Importer(815301076,1909f56bfc062723c751e8b465ee728b)  -> (artifact id: 'b8c162508846902aec25aca0f5735b4f') in 0.040466 seconds
  Import took 0.043623 seconds .

========================================================================
Received Import Request.
  Time since last request: 0.000286 seconds.
  path: Assets/SapphiArt/SapphiArtchan/OBJ/Materials/Sapphi_clothes_c.mat
  artifactKey: Guid(513db7fe709d095448782b31709e6231) Importer(815301076,1909f56bfc062723c751e8b465ee728b)
Start importing Assets/SapphiArt/SapphiArtchan/OBJ/Materials/Sapphi_clothes_c.mat using Guid(513db7fe709d095448782b31709e6231) Importer(815301076,1909f56bfc062723c751e8b465ee728b)  -> (artifact id: '48e8ad8bf08498afe7893c2347634d2e') in 0.034467 seconds
  Import took 0.036911 seconds .

========================================================================
Received Import Request.
  Time since last request: 0.000620 seconds.
  path: Assets/SapphiArt/SapphiArtchan/OBJ/Materials/Sapphi_clothes_c.mat
  artifactKey: Guid(513db7fe709d095448782b31709e6231) Importer(815301076,1909f56bfc062723c751e8b465ee728b)
Start importing Assets/SapphiArt/SapphiArtchan/OBJ/Materials/Sapphi_clothes_c.mat using Guid(513db7fe709d095448782b31709e6231) Importer(815301076,1909f56bfc062723c751e8b465ee728b)  -> (artifact id: '48e8ad8bf08498afe7893c2347634d2e') in 0.036884 seconds
  Import took 0.040095 seconds .

========================================================================
Received Import Request.
  Time since last request: 1.286604 seconds.
  path: Assets/SapphiArt/SapphiArtchan/TEX/Materials/Sapphi_chequer_c.mat
  artifactKey: Guid(c76e74ab56c215d4c92e1c074195494c) Importer(815301076,1909f56bfc062723c751e8b465ee728b)
Start importing Assets/SapphiArt/SapphiArtchan/TEX/Materials/Sapphi_chequer_c.mat using Guid(c76e74ab56c215d4c92e1c074195494c) Importer(815301076,1909f56bfc062723c751e8b465ee728b)  -> (artifact id: '8afcb072b967a2b324863f0c933e7e54') in 0.017962 seconds
  Import took 0.030346 seconds .

========================================================================
Received Import Request.
  Time since last request: 0.000412 seconds.
  path: Assets/SapphiArt/SapphiArtchan/TEX/Materials/Sapphi_eye_c.mat
  artifactKey: Guid(09c72a6b967d6b949a8961b0039be286) Importer(815301076,1909f56bfc062723c751e8b465ee728b)
Start importing Assets/SapphiArt/SapphiArtchan/TEX/Materials/Sapphi_eye_c.mat using Guid(09c72a6b967d6b949a8961b0039be286) Importer(815301076,1909f56bfc062723c751e8b465ee728b)  -> (artifact id: 'b2c6ce929dbbe17c9f23db6abd51c1e9') in 0.024343 seconds
  Import took 0.027337 seconds .

========================================================================
Received Import Request.
  Time since last request: 0.000275 seconds.
  path: Assets/SapphiArt/SapphiArtchan/TEX/Materials/Sapphi_clothes_c.mat
  artifactKey: Guid(9ddf2f1566224aa47b88ac12eafb2fb2) Importer(815301076,1909f56bfc062723c751e8b465ee728b)
Start importing Assets/SapphiArt/SapphiArtchan/TEX/Materials/Sapphi_clothes_c.mat using Guid(9ddf2f1566224aa47b88ac12eafb2fb2) Importer(815301076,1909f56bfc062723c751e8b465ee728b)  -> (artifact id: 'ee3899b6edd136a6cf54134a54d9ec9b') in 0.035600 seconds
  Import took 0.038523 seconds .

========================================================================
Received Import Request.
  Time since last request: 0.000293 seconds.
  path: Assets/SapphiArt/SapphiArtchan/TEX/Materials/Sapphi_glow_c.mat
  artifactKey: Guid(905a05cc78ef4004f9f2093d3ca7a966) Importer(815301076,1909f56bfc062723c751e8b465ee728b)
Start importing Assets/SapphiArt/SapphiArtchan/TEX/Materials/Sapphi_glow_c.mat using Guid(905a05cc78ef4004f9f2093d3ca7a966) Importer(815301076,1909f56bfc062723c751e8b465ee728b)  -> (artifact id: '810271d2c8a289eb0f4ec6f3d234f321') in 0.026941 seconds
  Import took 0.032466 seconds .

========================================================================
Received Import Request.
  Time since last request: 0.000387 seconds.
  path: Assets/SapphiArt/SapphiArtchan/TEX/Materials/Sapphi_clothes_c.mat
  artifactKey: Guid(9ddf2f1566224aa47b88ac12eafb2fb2) Importer(815301076,1909f56bfc062723c751e8b465ee728b)
Start importing Assets/SapphiArt/SapphiArtchan/TEX/Materials/Sapphi_clothes_c.mat using Guid(9ddf2f1566224aa47b88ac12eafb2fb2) Importer(815301076,1909f56bfc062723c751e8b465ee728b)  -> (artifact id: 'ee3899b6edd136a6cf54134a54d9ec9b') in 0.037169 seconds
  Import took 0.039933 seconds .

========================================================================
Received Import Request.
  Time since last request: 1.673089 seconds.
  path: Assets/SapphiArt/SapphiArtchan/OBJ/SapphiArtchan.prefab
  artifactKey: Guid(7dc923b4c4812f147ba42a507e5507bd) Importer(815301076,1909f56bfc062723c751e8b465ee728b)
Start importing Assets/SapphiArt/SapphiArtchan/OBJ/SapphiArtchan.prefab using Guid(7dc923b4c4812f147ba42a507e5507bd) Importer(815301076,1909f56bfc062723c751e8b465ee728b)  -> (artifact id: '7f5f4058c8833efcf1486b7f355b8c8e') in 1.161952 seconds
  Import took 1.169831 seconds .

========================================================================
Received Prepare
Registering precompiled user dll's ...
Registered in 0.001172 seconds.
Begin MonoManager ReloadAssembly
Native extension for WindowsStandalone target not found
Refreshing native plugins compatible for Editor in 0.48 ms, found 0 plugins.
Preloading 0 native plugins for Editor in 0.00 ms.
Mono: successfully reloaded assembly
- Completed reload, in  1.248 seconds
Platform modules already initialized, skipping
Switching build target platform(5) subTarget(0) extendedPlatform(0) -> platform(13) subTarget(537395200) extendedPlatform(0)
Refreshing native plugins compatible for Editor in 0.45 ms, found 0 plugins.
Preloading 0 native plugins for Editor in 0.00 ms.
Unloading 1230 Unused Serialized files (Serialized files now loaded: 0)
System memory in use before: 79.6 MB.
System memory in use after: 79.7 MB.

Unloading 17 unused Assets to reduce memory usage. Loaded Objects now: 1736.
Total: 2.361500 ms (FindLiveObjects: 0.265600 ms CreateObjectMapping: 0.099100 ms MarkObjects: 1.963300 ms  DeleteObjects: 0.032100 ms)

AssetImportParameters requested are different than current active one (requested -> active):
  custom:graphics/normal-map-encoding: 01000000000000000000000000000000 -> 02000000000000000000000000000000
========================================================================
Received Prepare
Registering precompiled user dll's ...
Registered in 0.000948 seconds.
Begin MonoManager ReloadAssembly
Native extension for WindowsStandalone target not found
Refreshing native plugins compatible for Editor in 0.49 ms, found 0 plugins.
Preloading 0 native plugins for Editor in 0.00 ms.
Mono: successfully reloaded assembly
- Completed reload, in  1.344 seconds
Platform modules already initialized, skipping
Switching build target platform(5) subTarget(0) extendedPlatform(0) -> platform(13) subTarget(537395200) extendedPlatform(0)
Refreshing native plugins compatible for Editor in 0.48 ms, found 0 plugins.
Preloading 0 native plugins for Editor in 0.00 ms.
Unloading 1232 Unused Serialized files (Serialized files now loaded: 0)
System memory in use before: 79.7 MB.
System memory in use after: 79.8 MB.

Unloading 17 unused Assets to reduce memory usage. Loaded Objects now: 1741.
Total: 2.944900 ms (FindLiveObjects: 0.172600 ms CreateObjectMapping: 0.055800 ms MarkObjects: 2.685400 ms  DeleteObjects: 0.028900 ms)

AssetImportParameters requested are different than current active one (requested -> active):
  custom:graphics/normal-map-encoding: 01000000000000000000000000000000 -> 02000000000000000000000000000000
========================================================================
Received Import Request.
  Time since last request: 155.165768 seconds.
  path: Assets/SapphiArt/SapphiArtchan/Animation/SapphiArtchanAnimController.controller
  artifactKey: Guid(9bf82b2ef50339940a186ed20f4bcbb6) Importer(815301076,1909f56bfc062723c751e8b465ee728b)
Start importing Assets/SapphiArt/SapphiArtchan/Animation/SapphiArtchanAnimController.controller using Guid(9bf82b2ef50339940a186ed20f4bcbb6) Importer(815301076,1909f56bfc062723c751e8b465ee728b)  -> (artifact id: '5f8c1406600e113da34084bd69dcf60b') in 0.102495 seconds
  Import took 0.105536 seconds .

========================================================================
Received Import Request.
  Time since last request: 155.819107 seconds.
  path: Assets/Prefabs/Skins/Girl Variant.prefab
  artifactKey: Guid(39fc9dcba02b2e94fa437941390d2b96) Importer(815301076,1909f56bfc062723c751e8b465ee728b)
Start importing Assets/Prefabs/Skins/Girl Variant.prefab using Guid(39fc9dcba02b2e94fa437941390d2b96) Importer(815301076,1909f56bfc062723c751e8b465ee728b)  -> (artifact id: '9ca676aad6cc6afdd99f5eeb180df6fd') in 0.280978 seconds
  Import took 0.287178 seconds .

========================================================================
Received Import Request.
  Time since last request: 9.873766 seconds.
  path: Assets/Prefabs/Skins/Girl.prefab
  artifactKey: Guid(39fc9dcba02b2e94fa437941390d2b96) Importer(815301076,1909f56bfc062723c751e8b465ee728b)
Start importing Assets/Prefabs/Skins/Girl.prefab using Guid(39fc9dcba02b2e94fa437941390d2b96) Importer(815301076,1909f56bfc062723c751e8b465ee728b)  -> (artifact id: 'b77cbfa7ba103b3fd45dc6ead8bda35b') in 0.183842 seconds
  Import took 0.189018 seconds .

========================================================================
Received Import Request.
  Time since last request: 82.979881 seconds.
  path: Assets/Prefabs/Skins/Girl.prefab
  artifactKey: Guid(39fc9dcba02b2e94fa437941390d2b96) Importer(815301076,1909f56bfc062723c751e8b465ee728b)
Start importing Assets/Prefabs/Skins/Girl.prefab using Guid(39fc9dcba02b2e94fa437941390d2b96) Importer(815301076,1909f56bfc062723c751e8b465ee728b)  -> (artifact id: '2ebd360050013d029d0828db194fa58e') in 0.194317 seconds
  Import took 0.200158 seconds .

========================================================================
Received Import Request.
  Time since last request: 21.153851 seconds.
  path: Assets/Scenes/LevelTwo.unity
  artifactKey: Guid(97e82a6d7b4e1c14cbaed1432c62046c) Importer(815301076,1909f56bfc062723c751e8b465ee728b)
Start importing Assets/Scenes/LevelTwo.unity using Guid(97e82a6d7b4e1c14cbaed1432c62046c) Importer(815301076,1909f56bfc062723c751e8b465ee728b)  -> (artifact id: '782622df45db37914b839fdcca77b340') in 0.014289 seconds
  Import took 0.031466 seconds .

========================================================================
Received Import Request.
  Time since last request: 14.144891 seconds.
  path: Assets/Scenes/MainMenu.unity
  artifactKey: Guid(cb6c754d312d9a94697f86a7aee96223) Importer(815301076,1909f56bfc062723c751e8b465ee728b)
Start importing Assets/Scenes/MainMenu.unity using Guid(cb6c754d312d9a94697f86a7aee96223) Importer(815301076,1909f56bfc062723c751e8b465ee728b)  -> (artifact id: '0fb083712e6365cbaa129c35de1efd43') in 0.004786 seconds
  Import took 0.007671 seconds .

========================================================================
Received Prepare
Registering precompiled user dll's ...
Registered in 0.000862 seconds.
Begin MonoManager ReloadAssembly
Native extension for WindowsStandalone target not found
Refreshing native plugins compatible for Editor in 0.47 ms, found 0 plugins.
Preloading 0 native plugins for Editor in 0.00 ms.
Mono: successfully reloaded assembly
- Completed reload, in  1.211 seconds
Platform modules already initialized, skipping
Switching build target platform(5) subTarget(0) extendedPlatform(0) -> platform(13) subTarget(537395200) extendedPlatform(0)
Refreshing native plugins compatible for Editor in 0.46 ms, found 0 plugins.
Preloading 0 native plugins for Editor in 0.00 ms.
Unloading 1232 Unused Serialized files (Serialized files now loaded: 0)
System memory in use before: 79.8 MB.
System memory in use after: 79.9 MB.

Unloading 17 unused Assets to reduce memory usage. Loaded Objects now: 1745.
Total: 2.013400 ms (FindLiveObjects: 0.150500 ms CreateObjectMapping: 0.054200 ms MarkObjects: 1.788400 ms  DeleteObjects: 0.018300 ms)

AssetImportParameters requested are different than current active one (requested -> active):
  custom:graphics/normal-map-encoding: 01000000000000000000000000000000 -> 02000000000000000000000000000000
========================================================================
Received Import Request.
  Time since last request: 29.729216 seconds.
  path: Assets/Prefabs/Skins/Girl.prefab
  artifactKey: Guid(39fc9dcba02b2e94fa437941390d2b96) Importer(815301076,1909f56bfc062723c751e8b465ee728b)
Start importing Assets/Prefabs/Skins/Girl.prefab using Guid(39fc9dcba02b2e94fa437941390d2b96) Importer(815301076,1909f56bfc062723c751e8b465ee728b)  -> (artifact id: '1303305d9110a0b192b2e03798dc347a') in 0.254282 seconds
  Import took 0.259399 seconds .

========================================================================
Received Import Request.
  Time since last request: 2.598809 seconds.
  path: Assets/Prefabs/Skins/Girl.prefab
  artifactKey: Guid(39fc9dcba02b2e94fa437941390d2b96) Importer(815301076,1909f56bfc062723c751e8b465ee728b)
Start importing Assets/Prefabs/Skins/Girl.prefab using Guid(39fc9dcba02b2e94fa437941390d2b96) Importer(815301076,1909f56bfc062723c751e8b465ee728b)  -> (artifact id: 'bd539a8903dd5849aadf3320346f0a16') in 0.188723 seconds
  Import took 0.207606 seconds .

========================================================================
Received Import Request.
  Time since last request: 2.247194 seconds.
  path: Assets/Prefabs/Skins/Girl.prefab
  artifactKey: Guid(39fc9dcba02b2e94fa437941390d2b96) Importer(815301076,1909f56bfc062723c751e8b465ee728b)
Start importing Assets/Prefabs/Skins/Girl.prefab using Guid(39fc9dcba02b2e94fa437941390d2b96) Importer(815301076,1909f56bfc062723c751e8b465ee728b)  -> (artifact id: '5e1d32ff5721767cacd922f8001c52dd') in 0.188005 seconds
  Import took 0.206947 seconds .

========================================================================
Received Import Request.
  Time since last request: 2.024526 seconds.
  path: Assets/Prefabs/Skins/Girl.prefab
  artifactKey: Guid(39fc9dcba02b2e94fa437941390d2b96) Importer(815301076,1909f56bfc062723c751e8b465ee728b)
Start importing Assets/Prefabs/Skins/Girl.prefab using Guid(39fc9dcba02b2e94fa437941390d2b96) Importer(815301076,1909f56bfc062723c751e8b465ee728b)  -> (artifact id: 'd244e33242ee7167d21df5364a7b392a') in 0.191708 seconds
  Import took 0.207621 seconds .

========================================================================
Received Import Request.
  Time since last request: 27.449515 seconds.
  path: Assets/SapphiArt/SapphiArtchan/Animation/SapphiArtchanAnimController.controller
  artifactKey: Guid(9bf82b2ef50339940a186ed20f4bcbb6) Importer(815301076,1909f56bfc062723c751e8b465ee728b)
Start importing Assets/SapphiArt/SapphiArtchan/Animation/SapphiArtchanAnimController.controller using Guid(9bf82b2ef50339940a186ed20f4bcbb6) Importer(815301076,1909f56bfc062723c751e8b465ee728b)  -> (artifact id: '6daeaddeab2d26b673570423368c8b96') in 0.100323 seconds
  Import took 0.122829 seconds .

========================================================================
Received Import Request.
  Time since last request: 65.692125 seconds.
  path: Assets/SapphiArt/SapphiArtchan/Animation/running.anim
  artifactKey: Guid(18792968afecf074cbf7733e929c8d87) Importer(815301076,1909f56bfc062723c751e8b465ee728b)
Start importing Assets/SapphiArt/SapphiArtchan/Animation/running.anim using Guid(18792968afecf074cbf7733e929c8d87) Importer(815301076,1909f56bfc062723c751e8b465ee728b)  -> (artifact id: 'f70e7cb44fcde5403b9062fdf05fe19d') in 0.083579 seconds
  Import took 0.105752 seconds .

========================================================================
Received Import Request.
  Time since last request: 0.015957 seconds.
  path: Assets/SapphiArt/SapphiArtchan/Animation/running.anim
  artifactKey: Guid(18792968afecf074cbf7733e929c8d87) Importer(815301076,1909f56bfc062723c751e8b465ee728b)
Start importing Assets/SapphiArt/SapphiArtchan/Animation/running.anim using Guid(18792968afecf074cbf7733e929c8d87) Importer(815301076,1909f56bfc062723c751e8b465ee728b)  -> (artifact id: 'f70e7cb44fcde5403b9062fdf05fe19d') in 0.082263 seconds
  Import took 0.085219 seconds .

========================================================================
Received Prepare
Registering precompiled user dll's ...
Registered in 0.000829 seconds.
Begin MonoManager ReloadAssembly
Native extension for WindowsStandalone target not found
Refreshing native plugins compatible for Editor in 0.46 ms, found 0 plugins.
Preloading 0 native plugins for Editor in 0.00 ms.
Mono: successfully reloaded assembly
- Completed reload, in  1.177 seconds
Platform modules already initialized, skipping
Switching build target platform(5) subTarget(0) extendedPlatform(0) -> platform(13) subTarget(537395200) extendedPlatform(0)
Refreshing native plugins compatible for Editor in 0.47 ms, found 0 plugins.
Preloading 0 native plugins for Editor in 0.00 ms.
Unloading 1232 Unused Serialized files (Serialized files now loaded: 0)
System memory in use before: 79.8 MB.
System memory in use after: 79.9 MB.

Unloading 17 unused Assets to reduce memory usage. Loaded Objects now: 1749.
Total: 2.515600 ms (FindLiveObjects: 0.154200 ms CreateObjectMapping: 0.053900 ms MarkObjects: 2.268500 ms  DeleteObjects: 0.037300 ms)

AssetImportParameters requested are different than current active one (requested -> active):
  custom:graphics/normal-map-encoding: 01000000000000000000000000000000 -> 02000000000000000000000000000000
========================================================================
Received Import Request.
  Time since last request: 283.946971 seconds.
  path: Assets/Prefabs/Skins/Girl.prefab
  artifactKey: Guid(39fc9dcba02b2e94fa437941390d2b96) Importer(815301076,1909f56bfc062723c751e8b465ee728b)
Start importing Assets/Prefabs/Skins/Girl.prefab using Guid(39fc9dcba02b2e94fa437941390d2b96) Importer(815301076,1909f56bfc062723c751e8b465ee728b)  -> (artifact id: '7c1b8f4b766d10794c4dc655c3c5c09b') in 0.260012 seconds
  Import took 0.273340 seconds .

========================================================================
Received Import Request.
  Time since last request: 0.004825 seconds.
  path: Assets/Prefabs/Skins/Girl.prefab
  artifactKey: Guid(39fc9dcba02b2e94fa437941390d2b96) Importer(815301076,1909f56bfc062723c751e8b465ee728b)
Start importing Assets/Prefabs/Skins/Girl.prefab using Guid(39fc9dcba02b2e94fa437941390d2b96) Importer(815301076,1909f56bfc062723c751e8b465ee728b)  -> (artifact id: '7c1b8f4b766d10794c4dc655c3c5c09b') in 0.167209 seconds
  Import took 0.172953 seconds .

========================================================================
Received Import Request.
  Time since last request: 19.521623 seconds.
  path: Assets/Scenes/LevelOne.unity
  artifactKey: Guid(9fc0d4010bbf28b4594072e72b8655ab) Importer(815301076,1909f56bfc062723c751e8b465ee728b)
Start importing Assets/Scenes/LevelOne.unity using Guid(9fc0d4010bbf28b4594072e72b8655ab) Importer(815301076,1909f56bfc062723c751e8b465ee728b)  -> (artifact id: '5b1be020bf43987ebed428c5b71b3eb4') in 0.005733 seconds
  Import took 0.016731 seconds .

========================================================================
Received Import Request.
  Time since last request: 9.101067 seconds.
  path: Assets/Scenes/LevelTwo.unity
  artifactKey: Guid(97e82a6d7b4e1c14cbaed1432c62046c) Importer(815301076,1909f56bfc062723c751e8b465ee728b)
Start importing Assets/Scenes/LevelTwo.unity using Guid(97e82a6d7b4e1c14cbaed1432c62046c) Importer(815301076,1909f56bfc062723c751e8b465ee728b)  -> (artifact id: 'e1e8e4a2c8996d1ab2cc2c9c1eb55b76') in 0.006466 seconds
  Import took 0.019883 seconds .

========================================================================
Received Import Request.
  Time since last request: 11.928286 seconds.
  path: Assets/Scenes/MainMenu.unity
  artifactKey: Guid(cb6c754d312d9a94697f86a7aee96223) Importer(815301076,1909f56bfc062723c751e8b465ee728b)
Start importing Assets/Scenes/MainMenu.unity using Guid(cb6c754d312d9a94697f86a7aee96223) Importer(815301076,1909f56bfc062723c751e8b465ee728b)  -> (artifact id: 'e9170d2a056d3ded1ebc6fda1f79056d') in 0.007315 seconds
  Import took 0.010150 seconds .

========================================================================
Received Prepare
Registering precompiled user dll's ...
Registered in 0.000947 seconds.
Begin MonoManager ReloadAssembly
Native extension for WindowsStandalone target not found
Refreshing native plugins compatible for Editor in 0.47 ms, found 0 plugins.
Preloading 0 native plugins for Editor in 0.00 ms.
Mono: successfully reloaded assembly
- Completed reload, in  1.207 seconds
Platform modules already initialized, skipping
Switching build target platform(5) subTarget(0) extendedPlatform(0) -> platform(13) subTarget(537395200) extendedPlatform(0)
Refreshing native plugins compatible for Editor in 0.47 ms, found 0 plugins.
Preloading 0 native plugins for Editor in 0.00 ms.
Unloading 1232 Unused Serialized files (Serialized files now loaded: 0)
System memory in use before: 79.8 MB.
System memory in use after: 79.9 MB.

Unloading 17 unused Assets to reduce memory usage. Loaded Objects now: 1753.
Total: 2.060800 ms (FindLiveObjects: 0.169800 ms CreateObjectMapping: 0.053700 ms MarkObjects: 1.805700 ms  DeleteObjects: 0.029800 ms)

AssetImportParameters requested are different than current active one (requested -> active):
  custom:graphics/normal-map-encoding: 01000000000000000000000000000000 -> 02000000000000000000000000000000
========================================================================
Received Prepare
Registering precompiled user dll's ...
Registered in 0.000798 seconds.
Begin MonoManager ReloadAssembly
Native extension for WindowsStandalone target not found
Refreshing native plugins compatible for Editor in 0.48 ms, found 0 plugins.
Preloading 0 native plugins for Editor in 0.00 ms.
Mono: successfully reloaded assembly
- Completed reload, in  1.198 seconds
Platform modules already initialized, skipping
Switching build target platform(5) subTarget(0) extendedPlatform(0) -> platform(13) subTarget(537395200) extendedPlatform(0)
Refreshing native plugins compatible for Editor in 0.46 ms, found 0 plugins.
Preloading 0 native plugins for Editor in 0.00 ms.
Unloading 1232 Unused Serialized files (Serialized files now loaded: 0)
System memory in use before: 79.8 MB.
System memory in use after: 79.9 MB.

Unloading 17 unused Assets to reduce memory usage. Loaded Objects now: 1756.
Total: 2.034200 ms (FindLiveObjects: 0.154700 ms CreateObjectMapping: 0.054000 ms MarkObjects: 1.796100 ms  DeleteObjects: 0.027900 ms)

AssetImportParameters requested are different than current active one (requested -> active):
  custom:graphics/normal-map-encoding: 01000000000000000000000000000000 -> 02000000000000000000000000000000
========================================================================
Received Import Request.
  Time since last request: 303.744272 seconds.
  path: Assets/Prefabs/Skins/Girl.prefab
  artifactKey: Guid(39fc9dcba02b2e94fa437941390d2b96) Importer(815301076,1909f56bfc062723c751e8b465ee728b)
Start importing Assets/Prefabs/Skins/Girl.prefab using Guid(39fc9dcba02b2e94fa437941390d2b96) Importer(815301076,1909f56bfc062723c751e8b465ee728b)  -> (artifact id: 'f5e17e19af843e277e02bd644a1086b2') in 0.231569 seconds
  Import took 0.235978 seconds .

========================================================================
Received Import Request.
  Time since last request: 15.929084 seconds.
  path: Assets/Prefabs/Skins/Girl.prefab
  artifactKey: Guid(39fc9dcba02b2e94fa437941390d2b96) Importer(815301076,1909f56bfc062723c751e8b465ee728b)
Start importing Assets/Prefabs/Skins/Girl.prefab using Guid(39fc9dcba02b2e94fa437941390d2b96) Importer(815301076,1909f56bfc062723c751e8b465ee728b)  -> (artifact id: 'f630d60cad7b1866584c5fb71407483b') in 0.202333 seconds
  Import took 0.207227 seconds .

========================================================================
Received Prepare
Registering precompiled user dll's ...
Registered in 0.000814 seconds.
Begin MonoManager ReloadAssembly
Native extension for WindowsStandalone target not found
Refreshing native plugins compatible for Editor in 0.50 ms, found 0 plugins.
Preloading 0 native plugins for Editor in 0.00 ms.
Mono: successfully reloaded assembly
- Completed reload, in  1.228 seconds
Platform modules already initialized, skipping
Switching build target platform(5) subTarget(0) extendedPlatform(0) -> platform(13) subTarget(537395200) extendedPlatform(0)
Refreshing native plugins compatible for Editor in 0.55 ms, found 0 plugins.
Preloading 0 native plugins for Editor in 0.00 ms.
Unloading 1232 Unused Serialized files (Serialized files now loaded: 0)
System memory in use before: 79.8 MB.
System memory in use after: 80.0 MB.

Unloading 17 unused Assets to reduce memory usage. Loaded Objects now: 1760.
Total: 2.138800 ms (FindLiveObjects: 0.161300 ms CreateObjectMapping: 0.053600 ms MarkObjects: 1.891900 ms  DeleteObjects: 0.030200 ms)

AssetImportParameters requested are different than current active one (requested -> active):
  custom:graphics/normal-map-encoding: 01000000000000000000000000000000 -> 02000000000000000000000000000000
========================================================================
Received Prepare
Registering precompiled user dll's ...
Registered in 0.000900 seconds.
Begin MonoManager ReloadAssembly
Native extension for WindowsStandalone target not found
Refreshing native plugins compatible for Editor in 0.49 ms, found 0 plugins.
Preloading 0 native plugins for Editor in 0.00 ms.
Mono: successfully reloaded assembly
- Completed reload, in  1.226 seconds
Platform modules already initialized, skipping
Switching build target platform(5) subTarget(0) extendedPlatform(0) -> platform(13) subTarget(537395200) extendedPlatform(0)
Refreshing native plugins compatible for Editor in 0.49 ms, found 0 plugins.
Preloading 0 native plugins for Editor in 0.00 ms.
Unloading 1232 Unused Serialized files (Serialized files now loaded: 0)
System memory in use before: 79.9 MB.
System memory in use after: 80.0 MB.

Unloading 17 unused Assets to reduce memory usage. Loaded Objects now: 1763.
Total: 2.767400 ms (FindLiveObjects: 0.178400 ms CreateObjectMapping: 0.055400 ms MarkObjects: 2.500200 ms  DeleteObjects: 0.031700 ms)

AssetImportParameters requested are different than current active one (requested -> active):
  custom:graphics/normal-map-encoding: 01000000000000000000000000000000 -> 02000000000000000000000000000000
========================================================================
Received Import Request.
  Time since last request: 339.409887 seconds.
  path: Assets/Prefabs/Skins/Girl.prefab
  artifactKey: Guid(39fc9dcba02b2e94fa437941390d2b96) Importer(815301076,1909f56bfc062723c751e8b465ee728b)
Start importing Assets/Prefabs/Skins/Girl.prefab using Guid(39fc9dcba02b2e94fa437941390d2b96) Importer(815301076,1909f56bfc062723c751e8b465ee728b)  -> (artifact id: '7f99c47db2e03b33eb31ba996b50bc86') in 0.241846 seconds
  Import took 0.247058 seconds .

========================================================================
Received Import Request.
  Time since last request: 94.915760 seconds.
  path: Assets/Anim
  artifactKey: Guid(eb6d77128ee76a841a6eff84e779fd07) Importer(815301076,1909f56bfc062723c751e8b465ee728b)
Start importing Assets/Anim using Guid(eb6d77128ee76a841a6eff84e779fd07) Importer(815301076,1909f56bfc062723c751e8b465ee728b)  -> (artifact id: '17ef1a40d7e15ac95c1ab95e9bc310b6') in 0.021822 seconds
  Import took 0.042665 seconds .

========================================================================
Received Import Request.
  Time since last request: 3.622877 seconds.
  path: Assets/SapphiArt
  artifactKey: Guid(d63f5e6422654684ab033605864f931d) Importer(815301076,1909f56bfc062723c751e8b465ee728b)
Start importing Assets/SapphiArt using Guid(d63f5e6422654684ab033605864f931d) Importer(815301076,1909f56bfc062723c751e8b465ee728b)  -> (artifact id: '116f22dec9f78592024848f976c6bc97') in 0.008867 seconds
  Import took 0.011465 seconds .

========================================================================
Received Import Request.
  Time since last request: 1.715204 seconds.
  path: Assets/SapphiArt/SapphiArtchan/Animation
  artifactKey: Guid(71124886802f5a6409b836b1ef6b5ca9) Importer(815301076,1909f56bfc062723c751e8b465ee728b)
Start importing Assets/SapphiArt/SapphiArtchan/Animation using Guid(71124886802f5a6409b836b1ef6b5ca9) Importer(815301076,1909f56bfc062723c751e8b465ee728b)  -> (artifact id: '655339e761ff2b7c8720398cb5b68b12') in 0.011385 seconds
  Import took 0.014243 seconds .

========================================================================
Received Prepare
Registering precompiled user dll's ...
Registered in 0.000772 seconds.
Begin MonoManager ReloadAssembly
Native extension for WindowsStandalone target not found
Refreshing native plugins compatible for Editor in 0.48 ms, found 0 plugins.
Preloading 0 native plugins for Editor in 0.00 ms.
Mono: successfully reloaded assembly
- Completed reload, in  1.242 seconds
Platform modules already initialized, skipping
Switching build target platform(5) subTarget(0) extendedPlatform(0) -> platform(13) subTarget(537395200) extendedPlatform(0)
Refreshing native plugins compatible for Editor in 0.46 ms, found 0 plugins.
Preloading 0 native plugins for Editor in 0.00 ms.
Unloading 1232 Unused Serialized files (Serialized files now loaded: 0)
System memory in use before: 79.9 MB.
System memory in use after: 80.0 MB.

Unloading 17 unused Assets to reduce memory usage. Loaded Objects now: 1767.
Total: 2.077100 ms (FindLiveObjects: 0.153700 ms CreateObjectMapping: 0.053900 ms MarkObjects: 1.839000 ms  DeleteObjects: 0.028800 ms)

AssetImportParameters requested are different than current active one (requested -> active):
  custom:graphics/normal-map-encoding: 01000000000000000000000000000000 -> 02000000000000000000000000000000
========================================================================
Received Import Request.
  Time since last request: 32.908665 seconds.
  path: Assets/Prefabs/Skins/Girl.prefab
  artifactKey: Guid(39fc9dcba02b2e94fa437941390d2b96) Importer(815301076,1909f56bfc062723c751e8b465ee728b)
Start importing Assets/Prefabs/Skins/Girl.prefab using Guid(39fc9dcba02b2e94fa437941390d2b96) Importer(815301076,1909f56bfc062723c751e8b465ee728b)  -> (artifact id: '4354358454be671e4870efd99bc13a3b') in 0.260750 seconds
  Import took 0.267774 seconds .

========================================================================
Received Import Request.
  Time since last request: 2.442460 seconds.
  path: Assets/Prefabs/Skins/Girl.prefab
  artifactKey: Guid(39fc9dcba02b2e94fa437941390d2b96) Importer(815301076,1909f56bfc062723c751e8b465ee728b)
Start importing Assets/Prefabs/Skins/Girl.prefab using Guid(39fc9dcba02b2e94fa437941390d2b96) Importer(815301076,1909f56bfc062723c751e8b465ee728b)  -> (artifact id: 'e722d31a027265fcd11429a7452b959a') in 0.169224 seconds
  Import took 0.173711 seconds .

========================================================================
Received Import Request.
  Time since last request: 232.388768 seconds.
  path: Assets/Anim/Player/Girl
  artifactKey: Guid(71124886802f5a6409b836b1ef6b5ca9) Importer(815301076,1909f56bfc062723c751e8b465ee728b)
Start importing Assets/Anim/Player/Girl using Guid(71124886802f5a6409b836b1ef6b5ca9) Importer(815301076,1909f56bfc062723c751e8b465ee728b)  -> (artifact id: 'da4f677f9f11abb3c6d33556fad60e3f') in 0.005811 seconds
  Import took 0.008905 seconds .

========================================================================
Received Prepare
Registering precompiled user dll's ...
Registered in 0.000897 seconds.
Begin MonoManager ReloadAssembly
Native extension for WindowsStandalone target not found
Refreshing native plugins compatible for Editor in 1.64 ms, found 0 plugins.
Preloading 0 native plugins for Editor in 0.00 ms.
Mono: successfully reloaded assembly
- Completed reload, in  1.660 seconds
Platform modules already initialized, skipping
Switching build target platform(5) subTarget(0) extendedPlatform(0) -> platform(13) subTarget(537395200) extendedPlatform(0)
Refreshing native plugins compatible for Editor in 0.58 ms, found 0 plugins.
Preloading 0 native plugins for Editor in 0.00 ms.
Unloading 1230 Unused Serialized files (Serialized files now loaded: 0)
System memory in use before: 79.8 MB.
System memory in use after: 79.9 MB.

Unloading 19 unused Assets to reduce memory usage. Loaded Objects now: 1769.
Total: 4.284900 ms (FindLiveObjects: 0.186600 ms CreateObjectMapping: 0.055900 ms MarkObjects: 3.984400 ms  DeleteObjects: 0.056000 ms)

AssetImportParameters requested are different than current active one (requested -> active):
  custom:graphics/normal-map-encoding: 01000000000000000000000000000000 -> 02000000000000000000000000000000
========================================================================
Received Prepare
Registering precompiled user dll's ...
Registered in 0.001685 seconds.
Begin MonoManager ReloadAssembly
Native extension for WindowsStandalone target not found
Refreshing native plugins compatible for Editor in 0.48 ms, found 0 plugins.
Preloading 0 native plugins for Editor in 0.00 ms.
Mono: successfully reloaded assembly
- Completed reload, in  1.687 seconds
Platform modules already initialized, skipping
Switching build target platform(5) subTarget(0) extendedPlatform(0) -> platform(13) subTarget(537395200) extendedPlatform(0)
Refreshing native plugins compatible for Editor in 0.47 ms, found 0 plugins.
Preloading 0 native plugins for Editor in 0.00 ms.
Unloading 1230 Unused Serialized files (Serialized files now loaded: 0)
System memory in use before: 79.8 MB.
System memory in use after: 79.9 MB.

Unloading 17 unused Assets to reduce memory usage. Loaded Objects now: 1772.
Total: 2.452500 ms (FindLiveObjects: 0.166900 ms CreateObjectMapping: 0.056500 ms MarkObjects: 2.201900 ms  DeleteObjects: 0.025400 ms)

AssetImportParameters requested are different than current active one (requested -> active):
  custom:graphics/normal-map-encoding: 01000000000000000000000000000000 -> 02000000000000000000000000000000
========================================================================
Received Import Request.
  Time since last request: 71.905193 seconds.
  path: Assets/Editor
  artifactKey: Guid(9a2df797eb7ea8e44843144af9429b99) Importer(815301076,1909f56bfc062723c751e8b465ee728b)
Start importing Assets/Editor using Guid(9a2df797eb7ea8e44843144af9429b99) Importer(815301076,1909f56bfc062723c751e8b465ee728b)  -> (artifact id: '0444d6da485580535437c8f7bfc283a6') in 0.012767 seconds
  Import took 0.015546 seconds .

========================================================================
Received Import Request.
  Time since last request: 0.005892 seconds.
  path: Assets/Editor
  artifactKey: Guid(9a2df797eb7ea8e44843144af9429b99) Importer(815301076,1909f56bfc062723c751e8b465ee728b)
Start importing Assets/Editor using Guid(9a2df797eb7ea8e44843144af9429b99) Importer(815301076,1909f56bfc062723c751e8b465ee728b)  -> (artifact id: '0444d6da485580535437c8f7bfc283a6') in 0.004225 seconds
  Import took 0.006963 seconds .

========================================================================
Received Import Request.
  Time since last request: 8.388993 seconds.
  path: Assets/Anim/Player/Player.controller
  artifactKey: Guid(0b1a99a59b28da04f87e1ab1a7ff8f8c) Importer(815301076,1909f56bfc062723c751e8b465ee728b)
Start importing Assets/Anim/Player/Player.controller using Guid(0b1a99a59b28da04f87e1ab1a7ff8f8c) Importer(815301076,1909f56bfc062723c751e8b465ee728b)  -> (artifact id: '15baeabdde249ca7a183e3540cd7a168') in 0.027158 seconds
  Import took 0.030777 seconds .

========================================================================
Received Import Request.
  Time since last request: 2.477721 seconds.
  path: Assets/Anim/Player/Run.anim
  artifactKey: Guid(720280209ca8d0e498104eedd1dde613) Importer(815301076,1909f56bfc062723c751e8b465ee728b)
Start importing Assets/Anim/Player/Run.anim using Guid(720280209ca8d0e498104eedd1dde613) Importer(815301076,1909f56bfc062723c751e8b465ee728b)  -> (artifact id: '18996b9b31667ec22c47c9b0768e613a') in 0.009567 seconds
  Import took 0.012757 seconds .

========================================================================
Received Import Request.
  Time since last request: 0.015021 seconds.
  path: Assets/Anim/Player/Run.anim
  artifactKey: Guid(720280209ca8d0e498104eedd1dde613) Importer(815301076,1909f56bfc062723c751e8b465ee728b)
Start importing Assets/Anim/Player/Run.anim using Guid(720280209ca8d0e498104eedd1dde613) Importer(815301076,1909f56bfc062723c751e8b465ee728b)  -> (artifact id: '18996b9b31667ec22c47c9b0768e613a') in 0.005177 seconds
  Import took 0.009893 seconds .

========================================================================
Received Import Request.
  Time since last request: 22.772451 seconds.
  path: Assets/Prefabs/Skins/Girl.prefab
  artifactKey: Guid(39fc9dcba02b2e94fa437941390d2b96) Importer(815301076,1909f56bfc062723c751e8b465ee728b)
Start importing Assets/Prefabs/Skins/Girl.prefab using Guid(39fc9dcba02b2e94fa437941390d2b96) Importer(815301076,1909f56bfc062723c751e8b465ee728b)  -> (artifact id: '58ed819b6def546760f8fad154e42e98') in 0.227435 seconds
  Import took 0.232418 seconds .

========================================================================
Received Import Request.
  Time since last request: 2.798909 seconds.
  path: Assets/Prefabs/Skins/Girl.prefab
  artifactKey: Guid(39fc9dcba02b2e94fa437941390d2b96) Importer(815301076,1909f56bfc062723c751e8b465ee728b)
Start importing Assets/Prefabs/Skins/Girl.prefab using Guid(39fc9dcba02b2e94fa437941390d2b96) Importer(815301076,1909f56bfc062723c751e8b465ee728b)  -> (artifact id: '0537a3a6369642cd2360604490770f3c') in 0.158990 seconds
  Import took 0.163959 seconds .

========================================================================
Received Import Request.
  Time since last request: 2.484524 seconds.
  path: Assets/Prefabs/Skins/Girl.prefab
  artifactKey: Guid(39fc9dcba02b2e94fa437941390d2b96) Importer(815301076,1909f56bfc062723c751e8b465ee728b)
Start importing Assets/Prefabs/Skins/Girl.prefab using Guid(39fc9dcba02b2e94fa437941390d2b96) Importer(815301076,1909f56bfc062723c751e8b465ee728b)  -> (artifact id: 'cf8a72c987712de63fc4946a4ebe1dcc') in 0.160800 seconds
  Import took 0.168351 seconds .

========================================================================
Received Prepare
Registering precompiled user dll's ...
Registered in 0.000807 seconds.
Begin MonoManager ReloadAssembly
Native extension for WindowsStandalone target not found
Refreshing native plugins compatible for Editor in 0.45 ms, found 0 plugins.
Preloading 0 native plugins for Editor in 0.00 ms.
Mono: successfully reloaded assembly
- Completed reload, in  1.259 seconds
Platform modules already initialized, skipping
Switching build target platform(5) subTarget(0) extendedPlatform(0) -> platform(13) subTarget(537395200) extendedPlatform(0)
Refreshing native plugins compatible for Editor in 0.55 ms, found 0 plugins.
Preloading 0 native plugins for Editor in 0.00 ms.
Unloading 1230 Unused Serialized files (Serialized files now loaded: 0)
System memory in use before: 80.2 MB.
System memory in use after: 80.3 MB.

Unloading 17 unused Assets to reduce memory usage. Loaded Objects now: 1776.
Total: 2.098600 ms (FindLiveObjects: 0.158500 ms CreateObjectMapping: 0.053200 ms MarkObjects: 1.856800 ms  DeleteObjects: 0.028600 ms)

AssetImportParameters requested are different than current active one (requested -> active):
  custom:graphics/normal-map-encoding: 01000000000000000000000000000000 -> 02000000000000000000000000000000
========================================================================
Received Prepare
Registering precompiled user dll's ...
Registered in 0.000777 seconds.
Begin MonoManager ReloadAssembly
Native extension for WindowsStandalone target not found
Refreshing native plugins compatible for Editor in 0.50 ms, found 0 plugins.
Preloading 0 native plugins for Editor in 0.00 ms.
Mono: successfully reloaded assembly
- Completed reload, in  1.250 seconds
Platform modules already initialized, skipping
Switching build target platform(5) subTarget(0) extendedPlatform(0) -> platform(13) subTarget(537395200) extendedPlatform(0)
Refreshing native plugins compatible for Editor in 0.48 ms, found 0 plugins.
Preloading 0 native plugins for Editor in 0.00 ms.
Unloading 1230 Unused Serialized files (Serialized files now loaded: 0)
System memory in use before: 80.2 MB.
System memory in use after: 80.3 MB.

Unloading 17 unused Assets to reduce memory usage. Loaded Objects now: 1779.
Total: 2.491100 ms (FindLiveObjects: 0.164900 ms CreateObjectMapping: 0.056200 ms MarkObjects: 2.241400 ms  DeleteObjects: 0.026600 ms)

AssetImportParameters requested are different than current active one (requested -> active):
  custom:graphics/normal-map-encoding: 01000000000000000000000000000000 -> 02000000000000000000000000000000
========================================================================
Received Prepare
Registering precompiled user dll's ...
Registered in 0.000733 seconds.
Begin MonoManager ReloadAssembly
Native extension for WindowsStandalone target not found
Refreshing native plugins compatible for Editor in 0.47 ms, found 0 plugins.
Preloading 0 native plugins for Editor in 0.00 ms.
Mono: successfully reloaded assembly
- Completed reload, in  1.234 seconds
Platform modules already initialized, skipping
Switching build target platform(5) subTarget(0) extendedPlatform(0) -> platform(13) subTarget(537395200) extendedPlatform(0)
Refreshing native plugins compatible for Editor in 0.49 ms, found 0 plugins.
Preloading 0 native plugins for Editor in 0.00 ms.
Unloading 1230 Unused Serialized files (Serialized files now loaded: 0)
System memory in use before: 80.2 MB.
System memory in use after: 80.3 MB.

Unloading 17 unused Assets to reduce memory usage. Loaded Objects now: 1782.
Total: 2.121700 ms (FindLiveObjects: 0.180700 ms CreateObjectMapping: 0.057500 ms MarkObjects: 1.851900 ms  DeleteObjects: 0.029500 ms)

AssetImportParameters requested are different than current active one (requested -> active):
  custom:graphics/normal-map-encoding: 01000000000000000000000000000000 -> 02000000000000000000000000000000
========================================================================
Received Import Request.
  Time since last request: 1286.607091 seconds.
  path: Assets/Textures/SpiderIcon.png
  artifactKey: Guid(694715ed07f617b41a2619a2ac35c465) Importer(815301076,1909f56bfc062723c751e8b465ee728b)
Start importing Assets/Textures/SpiderIcon.png using Guid(694715ed07f617b41a2619a2ac35c465) Importer(815301076,1909f56bfc062723c751e8b465ee728b)  -> (artifact id: '3e4ebb6a83d96ca48bb2a3404ee74fee') in 0.104726 seconds
  Import took 0.108891 seconds .

========================================================================
Received Import Request.
  Time since last request: 21.273943 seconds.
  path: Assets/Prefabs/Skins/Spider.prefab
  artifactKey: Guid(f75fce12e12835744b2655974e16175b) Importer(815301076,1909f56bfc062723c751e8b465ee728b)
Start importing Assets/Prefabs/Skins/Spider.prefab using Guid(f75fce12e12835744b2655974e16175b) Importer(815301076,1909f56bfc062723c751e8b465ee728b)  -> (artifact id: '287410cdecf27a38ce138d08ac3aab1a') in 0.079167 seconds
  Import took 0.082945 seconds .

========================================================================
Received Import Request.
  Time since last request: 18.510227 seconds.
  path: Assets/Textures/SpiderIcon.png
  artifactKey: Guid(694715ed07f617b41a2619a2ac35c465) Importer(815301076,1909f56bfc062723c751e8b465ee728b)
Start importing Assets/Textures/SpiderIcon.png using Guid(694715ed07f617b41a2619a2ac35c465) Importer(815301076,1909f56bfc062723c751e8b465ee728b)  -> (artifact id: '2940cc1ab3439bb7ca1fd2322b3aa24c') in 0.056741 seconds
  Import took 0.068733 seconds .

========================================================================
Received Import Request.
  Time since last request: 11.199330 seconds.
  path: Assets/Prefabs/Skins/Spider.prefab
  artifactKey: Guid(f75fce12e12835744b2655974e16175b) Importer(815301076,1909f56bfc062723c751e8b465ee728b)
Start importing Assets/Prefabs/Skins/Spider.prefab using Guid(f75fce12e12835744b2655974e16175b) Importer(815301076,1909f56bfc062723c751e8b465ee728b)  -> (artifact id: '999746a34667e386f7373aa80885c909') in 0.027751 seconds
  Import took 0.041118 seconds .

========================================================================
Received Import Request.
  Time since last request: 244.896850 seconds.
  path: Assets/Textures/GirlIcon.png
  artifactKey: Guid(5df1138816adbec41ba9c6af7056cd9f) Importer(815301076,1909f56bfc062723c751e8b465ee728b)
Start importing Assets/Textures/GirlIcon.png using Guid(5df1138816adbec41ba9c6af7056cd9f) Importer(815301076,1909f56bfc062723c751e8b465ee728b)  -> (artifact id: 'e745e3e24d2b1df522568b9f3facda6f') in 0.029606 seconds
  Import took 0.032919 seconds .

========================================================================
Received Import Request.
  Time since last request: 8.530137 seconds.
  path: Assets/Textures/GirlIcon.png
  artifactKey: Guid(5df1138816adbec41ba9c6af7056cd9f) Importer(815301076,1909f56bfc062723c751e8b465ee728b)
Start importing Assets/Textures/GirlIcon.png using Guid(5df1138816adbec41ba9c6af7056cd9f) Importer(815301076,1909f56bfc062723c751e8b465ee728b)  -> (artifact id: '0ed40b0e3b19e2ed2638fd59792c0db5') in 0.036235 seconds
  Import took 0.039244 seconds .

========================================================================
Received Import Request.
  Time since last request: 9.189822 seconds.
  path: Assets/Prefabs/Skins/Girl.prefab
  artifactKey: Guid(39fc9dcba02b2e94fa437941390d2b96) Importer(815301076,1909f56bfc062723c751e8b465ee728b)
Start importing Assets/Prefabs/Skins/Girl.prefab using Guid(39fc9dcba02b2e94fa437941390d2b96) Importer(815301076,1909f56bfc062723c751e8b465ee728b)  -> (artifact id: '5bd9b2c3cf8b0b76b40a57d2462bd49c') in 0.168212 seconds
  Import took 0.173145 seconds .

========================================================================
Received Prepare
Registering precompiled user dll's ...
Registered in 0.000865 seconds.
Begin MonoManager ReloadAssembly
Native extension for WindowsStandalone target not found
Refreshing native plugins compatible for Editor in 0.52 ms, found 0 plugins.
Preloading 0 native plugins for Editor in 0.00 ms.
Mono: successfully reloaded assembly
- Completed reload, in  1.329 seconds
Platform modules already initialized, skipping
Switching build target platform(5) subTarget(0) extendedPlatform(0) -> platform(13) subTarget(537395200) extendedPlatform(0)
Refreshing native plugins compatible for Editor in 0.59 ms, found 0 plugins.
Preloading 0 native plugins for Editor in 0.00 ms.
Unloading 1230 Unused Serialized files (Serialized files now loaded: 0)
System memory in use before: 80.2 MB.
System memory in use after: 80.3 MB.

Unloading 17 unused Assets to reduce memory usage. Loaded Objects now: 1791.
Total: 2.192800 ms (FindLiveObjects: 0.207600 ms CreateObjectMapping: 0.055100 ms MarkObjects: 1.898700 ms  DeleteObjects: 0.029300 ms)

AssetImportParameters requested are different than current active one (requested -> active):
  custom:graphics/normal-map-encoding: 01000000000000000000000000000000 -> 02000000000000000000000000000000
========================================================================
Received Prepare
Registering precompiled user dll's ...
Registered in 0.000795 seconds.
Begin MonoManager ReloadAssembly
Native extension for WindowsStandalone target not found
Refreshing native plugins compatible for Editor in 0.75 ms, found 0 plugins.
Preloading 0 native plugins for Editor in 0.00 ms.
Mono: successfully reloaded assembly
- Completed reload, in  1.176 seconds
Platform modules already initialized, skipping
Switching build target platform(5) subTarget(0) extendedPlatform(0) -> platform(13) subTarget(537395200) extendedPlatform(0)
Refreshing native plugins compatible for Editor in 0.45 ms, found 0 plugins.
Preloading 0 native plugins for Editor in 0.00 ms.
Unloading 1230 Unused Serialized files (Serialized files now loaded: 0)
System memory in use before: 80.2 MB.
System memory in use after: 80.3 MB.

Unloading 17 unused Assets to reduce memory usage. Loaded Objects now: 1794.
Total: 2.137600 ms (FindLiveObjects: 0.184400 ms CreateObjectMapping: 0.083300 ms MarkObjects: 1.847800 ms  DeleteObjects: 0.020300 ms)

AssetImportParameters requested are different than current active one (requested -> active):
  custom:graphics/normal-map-encoding: 01000000000000000000000000000000 -> 02000000000000000000000000000000
========================================================================
Received Import Request.
  Time since last request: 905.208889 seconds.
  path: Assets/Textures/Cube.png
  artifactKey: Guid(e43695a987ed17645af2921b366ccfa2) Importer(815301076,1909f56bfc062723c751e8b465ee728b)
Start importing Assets/Textures/Cube.png using Guid(e43695a987ed17645af2921b366ccfa2) Importer(815301076,1909f56bfc062723c751e8b465ee728b)  -> (artifact id: '56f8ba0831b4888dfce8fb67431c47a8') in 0.083617 seconds
  Import took 0.087084 seconds .

========================================================================
Received Import Request.
  Time since last request: 5.332370 seconds.
  path: Assets/Textures/Cube.png
  artifactKey: Guid(e43695a987ed17645af2921b366ccfa2) Importer(815301076,1909f56bfc062723c751e8b465ee728b)
Start importing Assets/Textures/Cube.png using Guid(e43695a987ed17645af2921b366ccfa2) Importer(815301076,1909f56bfc062723c751e8b465ee728b)  -> (artifact id: '4152b5b3d06dd758d1dce77d4e3d5ba9') in 0.044369 seconds
  Import took 0.056690 seconds .

========================================================================
Received Import Request.
  Time since last request: 16.145219 seconds.
  path: Assets/Prefabs/Skins/Cude.prefab
  artifactKey: Guid(d4f3b8562ef871540bea2dc2b5035994) Importer(815301076,1909f56bfc062723c751e8b465ee728b)
Start importing Assets/Prefabs/Skins/Cude.prefab using Guid(d4f3b8562ef871540bea2dc2b5035994) Importer(815301076,1909f56bfc062723c751e8b465ee728b)  -> (artifact id: '1078071683e02f1341bba916fba60902') in 0.050167 seconds
  Import took 0.053698 seconds .

========================================================================
Received Import Request.
  Time since last request: 0.243015 seconds.
  path: Assets/Prefabs/Skins/Cude.prefab
  artifactKey: Guid(d4f3b8562ef871540bea2dc2b5035994) Importer(815301076,1909f56bfc062723c751e8b465ee728b)
Start importing Assets/Prefabs/Skins/Cude.prefab using Guid(d4f3b8562ef871540bea2dc2b5035994) Importer(815301076,1909f56bfc062723c751e8b465ee728b)  -> (artifact id: '1078071683e02f1341bba916fba60902') in 0.012712 seconds
  Import took 0.015815 seconds .

========================================================================
Received Import Request.
  Time since last request: 152.255324 seconds.
  path: Assets/Textures/free-pause-icon-0.jpg
  artifactKey: Guid(e6e8e3054ef80f1439d98e6bc9133202) Importer(815301076,1909f56bfc062723c751e8b465ee728b)
Start importing Assets/Textures/free-pause-icon-0.jpg using Guid(e6e8e3054ef80f1439d98e6bc9133202) Importer(815301076,1909f56bfc062723c751e8b465ee728b)  -> (artifact id: '954df89a1be65ad637387b73a2091275') in 0.046904 seconds
  Import took 0.049894 seconds .

========================================================================
Received Import Request.
  Time since last request: 25.969674 seconds.
  path: Assets/Scenes/LevelOne.unity
  artifactKey: Guid(9fc0d4010bbf28b4594072e72b8655ab) Importer(815301076,1909f56bfc062723c751e8b465ee728b)
Start importing Assets/Scenes/LevelOne.unity using Guid(9fc0d4010bbf28b4594072e72b8655ab) Importer(815301076,1909f56bfc062723c751e8b465ee728b)  -> (artifact id: '9edfbb288af857fbe44eae6b7e58ef2c') in 0.010619 seconds
  Import took 0.014117 seconds .

========================================================================
Received Import Request.
  Time since last request: 172.714562 seconds.
  path: Assets/Textures/pauseicon.png
  artifactKey: Guid(7a63d21e5c408eb419d971b1873d2a48) Importer(815301076,1909f56bfc062723c751e8b465ee728b)
Start importing Assets/Textures/pauseicon.png using Guid(7a63d21e5c408eb419d971b1873d2a48) Importer(815301076,1909f56bfc062723c751e8b465ee728b)  -> (artifact id: 'c254dafde3dea5312fb3cf81536811a7') in 0.051370 seconds
  Import took 0.054578 seconds .

========================================================================
Received Import Request.
  Time since last request: 10.474523 seconds.
  path: Assets/Textures/pauseicon.png
  artifactKey: Guid(7a63d21e5c408eb419d971b1873d2a48) Importer(815301076,1909f56bfc062723c751e8b465ee728b)
Start importing Assets/Textures/pauseicon.png using Guid(7a63d21e5c408eb419d971b1873d2a48) Importer(815301076,1909f56bfc062723c751e8b465ee728b)  -> (artifact id: '46c507bda1fb22b26be71f782a618920') in 0.036191 seconds
  Import took 0.040542 seconds .

========================================================================
Received Import Request.
  Time since last request: 72.095674 seconds.
  path: Assets/Scenes/LevelTwo.unity
  artifactKey: Guid(97e82a6d7b4e1c14cbaed1432c62046c) Importer(815301076,1909f56bfc062723c751e8b465ee728b)
Start importing Assets/Scenes/LevelTwo.unity using Guid(97e82a6d7b4e1c14cbaed1432c62046c) Importer(815301076,1909f56bfc062723c751e8b465ee728b)  -> (artifact id: '1e0b74b36b1b289921830b3dfc078d73') in 0.005758 seconds
  Import took 0.029612 seconds .

========================================================================
Received Import Request.
  Time since last request: 46.393597 seconds.
  path: Assets/Scenes/LevelOne.unity
  artifactKey: Guid(9fc0d4010bbf28b4594072e72b8655ab) Importer(815301076,1909f56bfc062723c751e8b465ee728b)
Start importing Assets/Scenes/LevelOne.unity using Guid(9fc0d4010bbf28b4594072e72b8655ab) Importer(815301076,1909f56bfc062723c751e8b465ee728b)  -> (artifact id: 'fafcaadbb4eb9cbbf0d28334afcce35a') in 0.005040 seconds
  Import took 0.007848 seconds .

========================================================================
Received Import Request.
  Time since last request: 0.000358 seconds.
  path: Assets/Scenes/LevelOne.unity
  artifactKey: Guid(9fc0d4010bbf28b4594072e72b8655ab) Importer(815301076,1909f56bfc062723c751e8b465ee728b)
Start importing Assets/Scenes/LevelOne.unity using Guid(9fc0d4010bbf28b4594072e72b8655ab) Importer(815301076,1909f56bfc062723c751e8b465ee728b)  -> (artifact id: 'fafcaadbb4eb9cbbf0d28334afcce35a') in 0.006934 seconds
  Import took 0.009547 seconds .

========================================================================
Received Import Request.
  Time since last request: 13.451097 seconds.
  path: Assets/Scenes/MainMenu.unity
  artifactKey: Guid(cb6c754d312d9a94697f86a7aee96223) Importer(815301076,1909f56bfc062723c751e8b465ee728b)
Start importing Assets/Scenes/MainMenu.unity using Guid(cb6c754d312d9a94697f86a7aee96223) Importer(815301076,1909f56bfc062723c751e8b465ee728b)  -> (artifact id: '7d64641b9ed8bdbde1d3b454b6ece0ea') in 0.010614 seconds
  Import took 0.015851 seconds .

========================================================================
Received Import Request.
  Time since last request: 9.075639 seconds.
  path: Assets/Scenes/LevelOne.unity
  artifactKey: Guid(9fc0d4010bbf28b4594072e72b8655ab) Importer(815301076,1909f56bfc062723c751e8b465ee728b)
Start importing Assets/Scenes/LevelOne.unity using Guid(9fc0d4010bbf28b4594072e72b8655ab) Importer(815301076,1909f56bfc062723c751e8b465ee728b)  -> (artifact id: '27f614500a66180a0b34a06de61999db') in 0.004771 seconds
  Import took 0.007513 seconds .

========================================================================
Received Import Request.
  Time since last request: 174.208129 seconds.
  path: Assets/Scenes/LevelTwo.unity
  artifactKey: Guid(97e82a6d7b4e1c14cbaed1432c62046c) Importer(815301076,1909f56bfc062723c751e8b465ee728b)
Start importing Assets/Scenes/LevelTwo.unity using Guid(97e82a6d7b4e1c14cbaed1432c62046c) Importer(815301076,1909f56bfc062723c751e8b465ee728b)  -> (artifact id: '30a18186e96a74da7bdb78cc98b4321a') in 0.005592 seconds
  Import took 0.028044 seconds .

AssetImportWorkerClient::OnTransportError - code=2 error=End of file
